 Tue, 10 Mar 2020 16:11:03  INFO test_login.py setUpClass [ line:40 ] ==================== 准备开始执行登录接口测试 ====================
 Tue, 10 Mar 2020 16:11:04  INFO http_request.py request [ line:56 ] 正在发送请求，请求地址：http://118.24.221.133:8081/futureloan/mvc/api/member/login， 请求参数：{'mobilephone': '13941387738', 'pwd': '1234567'}
 Tue, 10 Mar 2020 16:11:04  INFO test_login.py test_login [ line:77 ] 预期结果是：{"status":1,  "code":"10001", "data":None, "msg":"登录成功"}, 实际结果是：{'status': 1, 'code': '10001', 'data': None, 'msg': '登录成功'},测试通过
 Tue, 10 Mar 2020 16:11:04  INFO http_request.py request [ line:56 ] 正在发送请求，请求地址：http://118.24.221.133:8081/futureloan/mvc/api/member/login， 请求参数：{'mobilephone': '150 71369970', 'pwd': '123456'}
 Tue, 10 Mar 2020 16:11:04  INFO test_login.py test_login [ line:77 ] 预期结果是：{'status': 0, 'code': '20111', 'data': None, 'msg': '用户名或密码错误'}, 实际结果是：{'status': 0, 'code': '20111', 'data': None, 'msg': '用户名或密码错误'},测试通过
 Tue, 10 Mar 2020 16:11:05  INFO http_request.py request [ line:56 ] 正在发送请求，请求地址：http://118.24.221.133:8081/futureloan/mvc/api/member/login， 请求参数：{'mobilephone': '18316008465', 'pwd': '1234568'}
 Tue, 10 Mar 2020 16:11:05  INFO test_login.py test_login [ line:77 ] 预期结果是：{'status': 0, 'code': '20111', 'data': None, 'msg': '用户名或密码错误'}, 实际结果是：{'status': 0, 'code': '20111', 'data': None, 'msg': '用户名或密码错误'},测试通过
 Tue, 10 Mar 2020 16:11:05  INFO http_request.py request [ line:56 ] 正在发送请求，请求地址：http://118.24.221.133:8081/futureloan/mvc/api/member/login， 请求参数：{'mobilephone': '', 'pwd': '1234568'}
 Tue, 10 Mar 2020 16:11:05  INFO test_login.py test_login [ line:77 ] 预期结果是：{'status': 0, 'code': '20103', 'data': None, 'msg': '手机号不能为空'}, 实际结果是：{'status': 0, 'code': '20103', 'data': None, 'msg': '手机号不能为空'},测试通过
 Tue, 10 Mar 2020 16:11:06  INFO http_request.py request [ line:56 ] 正在发送请求，请求地址：http://118.24.221.133:8081/futureloan/mvc/api/member/login， 请求参数：{'mobilephone': '13941387738', 'pwd': ''}
 Tue, 10 Mar 2020 16:11:06  INFO test_login.py test_login [ line:77 ] 预期结果是：{'status': 0, 'code': '20103', 'data': None, 'msg': '密码不能为空'}, 实际结果是：{'status': 0, 'code': '20103', 'data': None, 'msg': '密码不能为空'},测试通过
 Tue, 10 Mar 2020 16:11:06  INFO http_request.py request [ line:56 ] 正在发送请求，请求地址：http://118.24.221.133:8081/futureloan/mvc/api/member/login， 请求参数：{'mobilephone': '13941387738', 'pwd': '1234569'}
 Tue, 10 Mar 2020 16:11:07  INFO test_login.py test_login [ line:77 ] 预期结果是：{'status': 0, 'code': '20111', 'data': None, 'msg': '用户名或密码错误'}, 实际结果是：{'status': 0, 'code': '20111', 'data': None, 'msg': '用户名或密码错误'},测试通过
 Tue, 10 Mar 2020 16:11:07  INFO test_login.py tearDownClass [ line:46 ] ==================== 登录接口测试执行完毕====================
 Tue, 10 Mar 2020 16:11:07  INFO test_recharge.py setUpClass [ line:41 ] ==================== 准备开始执行充值接口测试 ====================
 Tue, 10 Mar 2020 16:11:07  INFO http_request.py request [ line:56 ] 正在发送请求，请求地址：http://118.24.221.133:8081/futureloan/mvc/api/member/login， 请求参数：{'mobilephone': '13941387738', 'pwd': '1234567'}
 Tue, 10 Mar 2020 16:11:07  INFO test_recharge.py test_recharge [ line:80 ] 预期结果是：{"status":1,  "code":"10001", "data":None, "msg":"登录成功"}, 实际结果是：{'status': 1, 'code': '10001', 'data': None, 'msg': '登录成功'},测试通过
 Tue, 10 Mar 2020 16:11:08  INFO http_request.py request [ line:56 ] 正在发送请求，请求地址：http://118.24.221.133:8081/futureloan/mvc/api/member/recharge， 请求参数：{'mobilephone': '13941387738', 'amount': '200'}
 Tue, 10 Mar 2020 16:11:08  INFO test_recharge.py test_recharge [ line:80 ] 预期结果是：{'status': 1, 'code': '10001', 'data': {'id': 1507, 'regname': 'user1', 'pwd': 'FCEA920F7412B5DA7BE0CF42B8C93759', 'mobilephone': '13941387738', 'leaveamount': '9578.00', 'type': '1', 'regtime': '2020-03-09 14:25:05.0'}, 'msg': '充值成功'}, 实际结果是：{'status': 1, 'code': '10001', 'data': {'id': 1507, 'regname': 'user1', 'pwd': 'FCEA920F7412B5DA7BE0CF42B8C93759', 'mobilephone': '13941387738', 'leaveamount': '9578.00', 'type': '1', 'regtime': '2020-03-09 14:25:05.0'}, 'msg': '充值成功'},测试通过
 Tue, 10 Mar 2020 16:11:09  INFO http_request.py request [ line:56 ] 正在发送请求，请求地址：http://118.24.221.133:8081/futureloan/mvc/api/member/recharge， 请求参数：{'mobilephone': '13283011462', 'amount': '200'}
 Tue, 10 Mar 2020 16:11:09  INFO test_recharge.py test_recharge [ line:80 ] 预期结果是：{'status': 0, 'code': '20104', 'data': None, 'msg': '此手机号对应的会员不存在'}, 实际结果是：{'status': 0, 'code': '20104', 'data': None, 'msg': '此手机号对应的会员不存在'},测试通过
 Tue, 10 Mar 2020 16:11:09  INFO http_request.py request [ line:56 ] 正在发送请求，请求地址：http://118.24.221.133:8081/futureloan/mvc/api/member/recharge， 请求参数：{'mobilephone': '13523', 'amount': '201'}
 Tue, 10 Mar 2020 16:11:09  INFO test_recharge.py test_recharge [ line:80 ] 预期结果是：{'status': 0, 'code': '20109', 'data': None, 'msg': '手机号码格式不正确'}, 实际结果是：{'status': 0, 'code': '20109', 'data': None, 'msg': '手机号码格式不正确'},测试通过
 Tue, 10 Mar 2020 16:11:10  INFO http_request.py request [ line:56 ] 正在发送请求，请求地址：http://118.24.221.133:8081/futureloan/mvc/api/member/recharge， 请求参数：{'mobilephone': '', 'amount': '201'}
 Tue, 10 Mar 2020 16:11:10  INFO test_recharge.py test_recharge [ line:80 ] 预期结果是：{'status': 0, 'code': '20103', 'data': None, 'msg': '手机号不能为空'}, 实际结果是：{'status': 0, 'code': '20103', 'data': None, 'msg': '手机号不能为空'},测试通过
 Tue, 10 Mar 2020 16:11:10  INFO http_request.py request [ line:56 ] 正在发送请求，请求地址：http://118.24.221.133:8081/futureloan/mvc/api/member/recharge， 请求参数：{'mobilephone': '13941387738', 'amount': ''}
 Tue, 10 Mar 2020 16:11:10  INFO test_recharge.py test_recharge [ line:80 ] 预期结果是：{'status': 0, 'code': '20115', 'data': None, 'msg': '请输入金额'}, 实际结果是：{'status': 0, 'code': '20115', 'data': None, 'msg': '请输入金额'},测试通过
 Tue, 10 Mar 2020 16:11:11  INFO http_request.py request [ line:56 ] 正在发送请求，请求地址：http://118.24.221.133:8081/futureloan/mvc/api/member/recharge， 请求参数：{'mobilephone': '13941387738', 'amount': '20.098'}
 Tue, 10 Mar 2020 16:11:12  INFO test_recharge.py test_recharge [ line:80 ] 预期结果是：{'status': 0, 'code': '20116', 'data': None, 'msg': '输入金额的金额小数不能超过两位'}, 实际结果是：{'status': 0, 'code': '20116', 'data': None, 'msg': '输入金额的金额小数不能超过两位'},测试通过
 Tue, 10 Mar 2020 16:11:12  INFO http_request.py request [ line:56 ] 正在发送请求，请求地址：http://118.24.221.133:8081/futureloan/mvc/api/member/recharge， 请求参数：{'mobilephone': '13941387738', 'amount': '-30'}
 Tue, 10 Mar 2020 16:11:12  INFO test_recharge.py test_recharge [ line:80 ] 预期结果是：{'status': 0, 'code': '20117', 'data': None, 'msg': '请输入范围在0到50万之间的正数金额'}, 实际结果是：{'status': 0, 'code': '20117', 'data': None, 'msg': '请输入范围在0到50万之间的正数金额'},测试通过
 Tue, 10 Mar 2020 16:11:13  INFO http_request.py request [ line:56 ] 正在发送请求，请求地址：http://118.24.221.133:8081/futureloan/mvc/api/member/recharge， 请求参数：{'mobilephone': '13941387738', 'amount': '1000000'}
 Tue, 10 Mar 2020 16:11:13  INFO test_recharge.py test_recharge [ line:80 ] 预期结果是：{'status': 0, 'code': '20117', 'data': None, 'msg': '请输入范围在0到50万之间的正数金额'}, 实际结果是：{'status': 0, 'code': '20117', 'data': None, 'msg': '请输入范围在0到50万之间的正数金额'},测试通过
 Tue, 10 Mar 2020 16:11:13  INFO http_request.py request [ line:56 ] 正在发送请求，请求地址：http://118.24.221.133:8081/futureloan/mvc/api/member/recharge， 请求参数：{'mobilephone': '13941387738', 'amount': '哈哈'}
 Tue, 10 Mar 2020 16:11:13  INFO test_recharge.py test_recharge [ line:80 ] 预期结果是：{'status': 0, 'code': '20118', 'data': None, 'msg': '请输入数字'}, 实际结果是：{'status': 0, 'code': '20118', 'data': None, 'msg': '请输入数字'},测试通过
 Tue, 10 Mar 2020 16:11:14  INFO test_recharge.py tearDownClass [ line:47 ] ==================== 充值接口测试接口测试执行完毕====================
 Tue, 10 Mar 2020 16:11:14  INFO test_register1.py setUpClass [ line:55 ] ==================== 准备开始执行注册接口测试 ====================
 Tue, 10 Mar 2020 16:11:14  INFO http_request.py request [ line:56 ] 正在发送请求，请求地址：http://118.24.221.133:8081/futureloan/mvc/api/member/register， 请求参数：{'mobilephone': '13339622648', 'pwd': '1234567', 'regname': 'user1'}
 Tue, 10 Mar 2020 16:11:14  INFO test_register1.py test_register [ line:94 ] 预期结果是：{"status":1,  "code":"10001", "data":None, "msg":"注册成功"}, 实际结果是：{'status': 1, 'code': '10001', 'data': None, 'msg': '注册成功'},测试通过
 Tue, 10 Mar 2020 16:11:15  INFO http_request.py request [ line:56 ] 正在发送请求，请求地址：http://118.24.221.133:8081/futureloan/mvc/api/member/register， 请求参数：{'mobilephone': '14906335441', 'pwd': '1234567', 'regname': 'user1'}
 Tue, 10 Mar 2020 16:11:15  ERROR test_register1.py test_register [ line:90 ] {'status': 1, 'code': '10001', 'data': None, 'msg': '注册成功'} != {'status': 0, 'code': '20109', 'data': None, 'msg': '手机号码格式不正确'}
- {'code': '10001', 'data': None, 'msg': '注册成功', 'status': 1}
?             ^^^                         ^^^^             ^

+ {'code': '20109', 'data': None, 'msg': '手机号码格式不正确', 'status': 0}
?           ++  ^                         ^^^^^^^^^             ^
Traceback (most recent call last):
  File "/Users/huangjie/学习/untitled7/test_cases/test_register1.py", line 87, in test_register
    self.assertEqual(eval(case.expected_data), res)
  File "/Library/Frameworks/Python.framework/Versions/3.7/lib/python3.7/unittest/case.py", line 852, in assertEqual
    assertion_func(first, second, msg=msg)
  File "/Library/Frameworks/Python.framework/Versions/3.7/lib/python3.7/unittest/case.py", line 1151, in assertDictEqual
    self.fail(self._formatMessage(msg, standardMsg))
  File "/Library/Frameworks/Python.framework/Versions/3.7/lib/python3.7/unittest/case.py", line 693, in fail
    raise self.failureException(msg)
AssertionError: {'status': 1, 'code': '10001', 'data': None, 'msg': '注册成功'} != {'status': 0, 'code': '20109', 'data': None, 'msg': '手机号码格式不正确'}
- {'code': '10001', 'data': None, 'msg': '注册成功', 'status': 1}
?             ^^^                         ^^^^             ^

+ {'code': '20109', 'data': None, 'msg': '手机号码格式不正确', 'status': 0}
?           ++  ^                         ^^^^^^^^^             ^

 Tue, 10 Mar 2020 16:11:15  INFO http_request.py request [ line:56 ] 正在发送请求，请求地址：http://118.24.221.133:8081/futureloan/mvc/api/member/register， 请求参数：{'mobilephone': '15338378659', 'pwd': '1234567', 'regname': 'user1'}
 Tue, 10 Mar 2020 16:11:15  INFO test_register1.py test_register [ line:94 ] 预期结果是：{"status":1,  "code":"10001", "data":None, "msg":"注册成功"}, 实际结果是：{'status': 1, 'code': '10001', 'data': None, 'msg': '注册成功'},测试通过
 Tue, 10 Mar 2020 16:11:16  INFO http_request.py request [ line:56 ] 正在发送请求，请求地址：http://118.24.221.133:8081/futureloan/mvc/api/member/register， 请求参数：{'mobilephone': '17307314059', 'pwd': '1234567', 'regname': 'user1'}
 Tue, 10 Mar 2020 16:11:16  ERROR test_register1.py test_register [ line:90 ] {'status': 1, 'code': '10001', 'data': None, 'msg': '注册成功'} != {'status': 0, 'code': '20109', 'data': None, 'msg': '手机号码格式不正确'}
- {'code': '10001', 'data': None, 'msg': '注册成功', 'status': 1}
?             ^^^                         ^^^^             ^

+ {'code': '20109', 'data': None, 'msg': '手机号码格式不正确', 'status': 0}
?           ++  ^                         ^^^^^^^^^             ^
Traceback (most recent call last):
  File "/Users/huangjie/学习/untitled7/test_cases/test_register1.py", line 87, in test_register
    self.assertEqual(eval(case.expected_data), res)
  File "/Library/Frameworks/Python.framework/Versions/3.7/lib/python3.7/unittest/case.py", line 852, in assertEqual
    assertion_func(first, second, msg=msg)
  File "/Library/Frameworks/Python.framework/Versions/3.7/lib/python3.7/unittest/case.py", line 1151, in assertDictEqual
    self.fail(self._formatMessage(msg, standardMsg))
  File "/Library/Frameworks/Python.framework/Versions/3.7/lib/python3.7/unittest/case.py", line 693, in fail
    raise self.failureException(msg)
AssertionError: {'status': 1, 'code': '10001', 'data': None, 'msg': '注册成功'} != {'status': 0, 'code': '20109', 'data': None, 'msg': '手机号码格式不正确'}
- {'code': '10001', 'data': None, 'msg': '注册成功', 'status': 1}
?             ^^^                         ^^^^             ^

+ {'code': '20109', 'data': None, 'msg': '手机号码格式不正确', 'status': 0}
?           ++  ^                         ^^^^^^^^^             ^

 Tue, 10 Mar 2020 16:11:16  INFO http_request.py request [ line:56 ] 正在发送请求，请求地址：http://118.24.221.133:8081/futureloan/mvc/api/member/register， 请求参数：{'mobilephone': '17717601391', 'pwd': '1234567', 'regname': 'user1'}
 Tue, 10 Mar 2020 16:11:16  INFO test_register1.py test_register [ line:94 ] 预期结果是：{"status":1,  "code":"10001", "data":None, "msg":"注册成功"}, 实际结果是：{'status': 1, 'code': '10001', 'data': None, 'msg': '注册成功'},测试通过
 Tue, 10 Mar 2020 16:11:17  INFO http_request.py request [ line:56 ] 正在发送请求，请求地址：http://118.24.221.133:8081/futureloan/mvc/api/member/register， 请求参数：{'mobilephone': '18065241301', 'pwd': '1234567', 'regname': 'user1'}
 Tue, 10 Mar 2020 16:11:17  INFO test_register1.py test_register [ line:94 ] 预期结果是：{"status":1,  "code":"10001", "data":None, "msg":"注册成功"}, 实际结果是：{'status': 1, 'code': '10001', 'data': None, 'msg': '注册成功'},测试通过
 Tue, 10 Mar 2020 16:11:17  INFO http_request.py request [ line:56 ] 正在发送请求，请求地址：http://118.24.221.133:8081/futureloan/mvc/api/member/register， 请求参数：{'mobilephone': '18181465629', 'pwd': '1234567', 'regname': 'user1'}
 Tue, 10 Mar 2020 16:11:17  INFO test_register1.py test_register [ line:94 ] 预期结果是：{"status":1,  "code":"10001", "data":None, "msg":"注册成功"}, 实际结果是：{'status': 1, 'code': '10001', 'data': None, 'msg': '注册成功'},测试通过
 Tue, 10 Mar 2020 16:11:18  INFO http_request.py request [ line:56 ] 正在发送请求，请求地址：http://118.24.221.133:8081/futureloan/mvc/api/member/register， 请求参数：{'mobilephone': '18972124076', 'pwd': '1234567', 'regname': 'user1'}
 Tue, 10 Mar 2020 16:11:18  INFO test_register1.py test_register [ line:94 ] 预期结果是：{"status":1,  "code":"10001", "data":None, "msg":"注册成功"}, 实际结果是：{'status': 1, 'code': '10001', 'data': None, 'msg': '注册成功'},测试通过
 Tue, 10 Mar 2020 16:11:18  INFO http_request.py request [ line:56 ] 正在发送请求，请求地址：http://118.24.221.133:8081/futureloan/mvc/api/member/register， 请求参数：{'mobilephone': '19919305585', 'pwd': '1234567', 'regname': 'user1'}
 Tue, 10 Mar 2020 16:11:18  ERROR test_register1.py test_register [ line:90 ] {'status': 1, 'code': '10001', 'data': None, 'msg': '注册成功'} != {'status': 0, 'code': '20109', 'data': None, 'msg': '手机号码格式不正确'}
- {'code': '10001', 'data': None, 'msg': '注册成功', 'status': 1}
?             ^^^                         ^^^^             ^

+ {'code': '20109', 'data': None, 'msg': '手机号码格式不正确', 'status': 0}
?           ++  ^                         ^^^^^^^^^             ^
Traceback (most recent call last):
  File "/Users/huangjie/学习/untitled7/test_cases/test_register1.py", line 87, in test_register
    self.assertEqual(eval(case.expected_data), res)
  File "/Library/Frameworks/Python.framework/Versions/3.7/lib/python3.7/unittest/case.py", line 852, in assertEqual
    assertion_func(first, second, msg=msg)
  File "/Library/Frameworks/Python.framework/Versions/3.7/lib/python3.7/unittest/case.py", line 1151, in assertDictEqual
    self.fail(self._formatMessage(msg, standardMsg))
  File "/Library/Frameworks/Python.framework/Versions/3.7/lib/python3.7/unittest/case.py", line 693, in fail
    raise self.failureException(msg)
AssertionError: {'status': 1, 'code': '10001', 'data': None, 'msg': '注册成功'} != {'status': 0, 'code': '20109', 'data': None, 'msg': '手机号码格式不正确'}
- {'code': '10001', 'data': None, 'msg': '注册成功', 'status': 1}
?             ^^^                         ^^^^             ^

+ {'code': '20109', 'data': None, 'msg': '手机号码格式不正确', 'status': 0}
?           ++  ^                         ^^^^^^^^^             ^

 Tue, 10 Mar 2020 16:11:19  INFO http_request.py request [ line:56 ] 正在发送请求，请求地址：http://118.24.221.133:8081/futureloan/mvc/api/member/register， 请求参数：{'mobilephone': '13089822469', 'pwd': '1234567', 'regname': 'user1'}
 Tue, 10 Mar 2020 16:11:19  INFO test_register1.py test_register [ line:94 ] 预期结果是：{"status":1,  "code":"10001", "data":None, "msg":"注册成功"}, 实际结果是：{'status': 1, 'code': '10001', 'data': None, 'msg': '注册成功'},测试通过
 Tue, 10 Mar 2020 16:11:19  INFO http_request.py request [ line:56 ] 正在发送请求，请求地址：http://118.24.221.133:8081/futureloan/mvc/api/member/register， 请求参数：{'mobilephone': '13141799962', 'pwd': '1234567', 'regname': 'user1'}
 Tue, 10 Mar 2020 16:11:19  INFO test_register1.py test_register [ line:94 ] 预期结果是：{"status":1,  "code":"10001", "data":None, "msg":"注册成功"}, 实际结果是：{'status': 1, 'code': '10001', 'data': None, 'msg': '注册成功'},测试通过
 Tue, 10 Mar 2020 16:11:20  INFO http_request.py request [ line:56 ] 正在发送请求，请求地址：http://118.24.221.133:8081/futureloan/mvc/api/member/register， 请求参数：{'mobilephone': '13296023189', 'pwd': '1234567', 'regname': 'user1'}
 Tue, 10 Mar 2020 16:11:20  INFO test_register1.py test_register [ line:94 ] 预期结果是：{"status":1,  "code":"10001", "data":None, "msg":"注册成功"}, 实际结果是：{'status': 1, 'code': '10001', 'data': None, 'msg': '注册成功'},测试通过
 Tue, 10 Mar 2020 16:11:20  INFO http_request.py request [ line:56 ] 正在发送请求，请求地址：http://118.24.221.133:8081/futureloan/mvc/api/member/register， 请求参数：{'mobilephone': '14502016756', 'pwd': '1234567', 'regname': 'user1'}
 Tue, 10 Mar 2020 16:11:20  INFO test_register1.py test_register [ line:94 ] 预期结果是：{"status":1,  "code":"10001", "data":None, "msg":"注册成功"}, 实际结果是：{'status': 1, 'code': '10001', 'data': None, 'msg': '注册成功'},测试通过
 Tue, 10 Mar 2020 16:11:21  INFO http_request.py request [ line:56 ] 正在发送请求，请求地址：http://118.24.221.133:8081/futureloan/mvc/api/member/register， 请求参数：{'mobilephone': '15531195519', 'pwd': '1234567', 'regname': 'user1'}
 Tue, 10 Mar 2020 16:11:21  INFO test_register1.py test_register [ line:94 ] 预期结果是：{"status":1,  "code":"10001", "data":None, "msg":"注册成功"}, 实际结果是：{'status': 1, 'code': '10001', 'data': None, 'msg': '注册成功'},测试通过
 Tue, 10 Mar 2020 16:11:21  INFO http_request.py request [ line:56 ] 正在发送请求，请求地址：http://118.24.221.133:8081/futureloan/mvc/api/member/register， 请求参数：{'mobilephone': '15688673641', 'pwd': '1234567', 'regname': 'user1'}
 Tue, 10 Mar 2020 16:11:21  INFO test_register1.py test_register [ line:94 ] 预期结果是：{"status":1,  "code":"10001", "data":None, "msg":"注册成功"}, 实际结果是：{'status': 1, 'code': '10001', 'data': None, 'msg': '注册成功'},测试通过
 Tue, 10 Mar 2020 16:11:22  INFO http_request.py request [ line:56 ] 正在发送请求，请求地址：http://118.24.221.133:8081/futureloan/mvc/api/member/register， 请求参数：{'mobilephone': '16627709092', 'pwd': '1234567', 'regname': 'user1'}
 Tue, 10 Mar 2020 16:11:22  ERROR test_register1.py test_register [ line:90 ] {'status': 1, 'code': '10001', 'data': None, 'msg': '注册成功'} != {'status': 0, 'code': '20109', 'data': None, 'msg': '手机号码格式不正确'}
- {'code': '10001', 'data': None, 'msg': '注册成功', 'status': 1}
?             ^^^                         ^^^^             ^

+ {'code': '20109', 'data': None, 'msg': '手机号码格式不正确', 'status': 0}
?           ++  ^                         ^^^^^^^^^             ^
Traceback (most recent call last):
  File "/Users/huangjie/学习/untitled7/test_cases/test_register1.py", line 87, in test_register
    self.assertEqual(eval(case.expected_data), res)
  File "/Library/Frameworks/Python.framework/Versions/3.7/lib/python3.7/unittest/case.py", line 852, in assertEqual
    assertion_func(first, second, msg=msg)
  File "/Library/Frameworks/Python.framework/Versions/3.7/lib/python3.7/unittest/case.py", line 1151, in assertDictEqual
    self.fail(self._formatMessage(msg, standardMsg))
  File "/Library/Frameworks/Python.framework/Versions/3.7/lib/python3.7/unittest/case.py", line 693, in fail
    raise self.failureException(msg)
AssertionError: {'status': 1, 'code': '10001', 'data': None, 'msg': '注册成功'} != {'status': 0, 'code': '20109', 'data': None, 'msg': '手机号码格式不正确'}
- {'code': '10001', 'data': None, 'msg': '注册成功', 'status': 1}
?             ^^^                         ^^^^             ^

+ {'code': '20109', 'data': None, 'msg': '手机号码格式不正确', 'status': 0}
?           ++  ^                         ^^^^^^^^^             ^

 Tue, 10 Mar 2020 16:11:22  INFO http_request.py request [ line:56 ] 正在发送请求，请求地址：http://118.24.221.133:8081/futureloan/mvc/api/member/register， 请求参数：{'mobilephone': '17175539108', 'pwd': '1234567', 'regname': 'user1'}
 Tue, 10 Mar 2020 16:11:22  ERROR test_register1.py test_register [ line:90 ] {'status': 1, 'code': '10001', 'data': None, 'msg': '注册成功'} != {'status': 0, 'code': '20109', 'data': None, 'msg': '手机号码格式不正确'}
- {'code': '10001', 'data': None, 'msg': '注册成功', 'status': 1}
?             ^^^                         ^^^^             ^

+ {'code': '20109', 'data': None, 'msg': '手机号码格式不正确', 'status': 0}
?           ++  ^                         ^^^^^^^^^             ^
Traceback (most recent call last):
  File "/Users/huangjie/学习/untitled7/test_cases/test_register1.py", line 87, in test_register
    self.assertEqual(eval(case.expected_data), res)
  File "/Library/Frameworks/Python.framework/Versions/3.7/lib/python3.7/unittest/case.py", line 852, in assertEqual
    assertion_func(first, second, msg=msg)
  File "/Library/Frameworks/Python.framework/Versions/3.7/lib/python3.7/unittest/case.py", line 1151, in assertDictEqual
    self.fail(self._formatMessage(msg, standardMsg))
  File "/Library/Frameworks/Python.framework/Versions/3.7/lib/python3.7/unittest/case.py", line 693, in fail
    raise self.failureException(msg)
AssertionError: {'status': 1, 'code': '10001', 'data': None, 'msg': '注册成功'} != {'status': 0, 'code': '20109', 'data': None, 'msg': '手机号码格式不正确'}
- {'code': '10001', 'data': None, 'msg': '注册成功', 'status': 1}
?             ^^^                         ^^^^             ^

+ {'code': '20109', 'data': None, 'msg': '手机号码格式不正确', 'status': 0}
?           ++  ^                         ^^^^^^^^^             ^

 Tue, 10 Mar 2020 16:11:23  INFO http_request.py request [ line:56 ] 正在发送请求，请求地址：http://118.24.221.133:8081/futureloan/mvc/api/member/register， 请求参数：{'mobilephone': '17586631176', 'pwd': '1234567', 'regname': 'user1'}
 Tue, 10 Mar 2020 16:11:23  ERROR test_register1.py test_register [ line:90 ] {'status': 1, 'code': '10001', 'data': None, 'msg': '注册成功'} != {'status': 0, 'code': '20109', 'data': None, 'msg': '手机号码格式不正确'}
- {'code': '10001', 'data': None, 'msg': '注册成功', 'status': 1}
?             ^^^                         ^^^^             ^

+ {'code': '20109', 'data': None, 'msg': '手机号码格式不正确', 'status': 0}
?           ++  ^                         ^^^^^^^^^             ^
Traceback (most recent call last):
  File "/Users/huangjie/学习/untitled7/test_cases/test_register1.py", line 87, in test_register
    self.assertEqual(eval(case.expected_data), res)
  File "/Library/Frameworks/Python.framework/Versions/3.7/lib/python3.7/unittest/case.py", line 852, in assertEqual
    assertion_func(first, second, msg=msg)
  File "/Library/Frameworks/Python.framework/Versions/3.7/lib/python3.7/unittest/case.py", line 1151, in assertDictEqual
    self.fail(self._formatMessage(msg, standardMsg))
  File "/Library/Frameworks/Python.framework/Versions/3.7/lib/python3.7/unittest/case.py", line 693, in fail
    raise self.failureException(msg)
AssertionError: {'status': 1, 'code': '10001', 'data': None, 'msg': '注册成功'} != {'status': 0, 'code': '20109', 'data': None, 'msg': '手机号码格式不正确'}
- {'code': '10001', 'data': None, 'msg': '注册成功', 'status': 1}
?             ^^^                         ^^^^             ^

+ {'code': '20109', 'data': None, 'msg': '手机号码格式不正确', 'status': 0}
?           ++  ^                         ^^^^^^^^^             ^

 Tue, 10 Mar 2020 16:11:23  INFO http_request.py request [ line:56 ] 正在发送请求，请求地址：http://118.24.221.133:8081/futureloan/mvc/api/member/register， 请求参数：{'mobilephone': '17679437189', 'pwd': '1234567', 'regname': 'user1'}
 Tue, 10 Mar 2020 16:11:23  INFO test_register1.py test_register [ line:94 ] 预期结果是：{"status":1,  "code":"10001", "data":None, "msg":"注册成功"}, 实际结果是：{'status': 1, 'code': '10001', 'data': None, 'msg': '注册成功'},测试通过
 Tue, 10 Mar 2020 16:11:24  INFO http_request.py request [ line:56 ] 正在发送请求，请求地址：http://118.24.221.133:8081/futureloan/mvc/api/member/register， 请求参数：{'mobilephone': '18555821073', 'pwd': '1234567', 'regname': 'user1'}
 Tue, 10 Mar 2020 16:11:24  INFO test_register1.py test_register [ line:94 ] 预期结果是：{"status":1,  "code":"10001", "data":None, "msg":"注册成功"}, 实际结果是：{'status': 1, 'code': '10001', 'data': None, 'msg': '注册成功'},测试通过
 Tue, 10 Mar 2020 16:11:24  INFO http_request.py request [ line:56 ] 正在发送请求，请求地址：http://118.24.221.133:8081/futureloan/mvc/api/member/register， 请求参数：{'mobilephone': '18644861347', 'pwd': '1234567', 'regname': 'user1'}
 Tue, 10 Mar 2020 16:11:24  INFO test_register1.py test_register [ line:94 ] 预期结果是：{"status":1,  "code":"10001", "data":None, "msg":"注册成功"}, 实际结果是：{'status': 1, 'code': '10001', 'data': None, 'msg': '注册成功'},测试通过
 Tue, 10 Mar 2020 16:11:25  INFO http_request.py request [ line:56 ] 正在发送请求，请求地址：http://118.24.221.133:8081/futureloan/mvc/api/member/register， 请求参数：{'mobilephone': '16699861362', 'pwd': '1234567', 'regname': 'user1'}
 Tue, 10 Mar 2020 16:11:25  ERROR test_register1.py test_register [ line:90 ] {'status': 1, 'code': '10001', 'data': None, 'msg': '注册成功'} != {'status': 0, 'code': '20109', 'data': None, 'msg': '手机号码格式不正确'}
- {'code': '10001', 'data': None, 'msg': '注册成功', 'status': 1}
?             ^^^                         ^^^^             ^

+ {'code': '20109', 'data': None, 'msg': '手机号码格式不正确', 'status': 0}
?           ++  ^                         ^^^^^^^^^             ^
Traceback (most recent call last):
  File "/Users/huangjie/学习/untitled7/test_cases/test_register1.py", line 87, in test_register
    self.assertEqual(eval(case.expected_data), res)
  File "/Library/Frameworks/Python.framework/Versions/3.7/lib/python3.7/unittest/case.py", line 852, in assertEqual
    assertion_func(first, second, msg=msg)
  File "/Library/Frameworks/Python.framework/Versions/3.7/lib/python3.7/unittest/case.py", line 1151, in assertDictEqual
    self.fail(self._formatMessage(msg, standardMsg))
  File "/Library/Frameworks/Python.framework/Versions/3.7/lib/python3.7/unittest/case.py", line 693, in fail
    raise self.failureException(msg)
AssertionError: {'status': 1, 'code': '10001', 'data': None, 'msg': '注册成功'} != {'status': 0, 'code': '20109', 'data': None, 'msg': '手机号码格式不正确'}
- {'code': '10001', 'data': None, 'msg': '注册成功', 'status': 1}
?             ^^^                         ^^^^             ^

+ {'code': '20109', 'data': None, 'msg': '手机号码格式不正确', 'status': 0}
?           ++  ^                         ^^^^^^^^^             ^

 Tue, 10 Mar 2020 16:11:25  INFO http_request.py request [ line:56 ] 正在发送请求，请求地址：http://118.24.221.133:8081/futureloan/mvc/api/member/register， 请求参数：{'mobilephone': '13432161647', 'pwd': '1234567', 'regname': 'user1'}
 Tue, 10 Mar 2020 16:11:25  INFO test_register1.py test_register [ line:94 ] 预期结果是：{"status":1,  "code":"10001", "data":None, "msg":"注册成功"}, 实际结果是：{'status': 1, 'code': '10001', 'data': None, 'msg': '注册成功'},测试通过
 Tue, 10 Mar 2020 16:11:26  INFO http_request.py request [ line:56 ] 正在发送请求，请求地址：http://118.24.221.133:8081/futureloan/mvc/api/member/register， 请求参数：{'mobilephone': '13594488417', 'pwd': '1234567', 'regname': 'user1'}
 Tue, 10 Mar 2020 16:11:26  INFO test_register1.py test_register [ line:94 ] 预期结果是：{"status":1,  "code":"10001", "data":None, "msg":"注册成功"}, 实际结果是：{'status': 1, 'code': '10001', 'data': None, 'msg': '注册成功'},测试通过
 Tue, 10 Mar 2020 16:11:26  INFO http_request.py request [ line:56 ] 正在发送请求，请求地址：http://118.24.221.133:8081/futureloan/mvc/api/member/register， 请求参数：{'mobilephone': '13662320428', 'pwd': '1234567', 'regname': 'user2'}
 Tue, 10 Mar 2020 16:11:27  INFO test_register1.py test_register [ line:94 ] 预期结果是：{"status":1,  "code":"10001", "data":None, "msg":"注册成功"}, 实际结果是：{'status': 1, 'code': '10001', 'data': None, 'msg': '注册成功'},测试通过
 Tue, 10 Mar 2020 16:11:27  INFO http_request.py request [ line:56 ] 正在发送请求，请求地址：http://118.24.221.133:8081/futureloan/mvc/api/member/register， 请求参数：{'mobilephone': '13782292948', 'pwd': '1234567', 'regname': 'user2'}
 Tue, 10 Mar 2020 16:11:27  INFO test_register1.py test_register [ line:94 ] 预期结果是：{"status":1,  "code":"10001", "data":None, "msg":"注册成功"}, 实际结果是：{'status': 1, 'code': '10001', 'data': None, 'msg': '注册成功'},测试通过
 Tue, 10 Mar 2020 16:11:27  INFO http_request.py request [ line:56 ] 正在发送请求，请求地址：http://118.24.221.133:8081/futureloan/mvc/api/member/register， 请求参数：{'mobilephone': '13877023544', 'pwd': '1234567', 'regname': 'user3'}
 Tue, 10 Mar 2020 16:11:28  INFO test_register1.py test_register [ line:94 ] 预期结果是：{"status":1,  "code":"10001", "data":None, "msg":"注册成功"}, 实际结果是：{'status': 1, 'code': '10001', 'data': None, 'msg': '注册成功'},测试通过
 Tue, 10 Mar 2020 16:11:28  INFO http_request.py request [ line:56 ] 正在发送请求，请求地址：http://118.24.221.133:8081/futureloan/mvc/api/member/register， 请求参数：{'mobilephone': '13943666287', 'pwd': '1234567', 'regname': 'user3'}
 Tue, 10 Mar 2020 16:11:28  INFO test_register1.py test_register [ line:94 ] 预期结果是：{"status":1,  "code":"10001", "data":None, "msg":"注册成功"}, 实际结果是：{'status': 1, 'code': '10001', 'data': None, 'msg': '注册成功'},测试通过
 Tue, 10 Mar 2020 16:11:29  INFO http_request.py request [ line:56 ] 正在发送请求，请求地址：http://118.24.221.133:8081/futureloan/mvc/api/member/register， 请求参数：{'mobilephone': '14766706646', 'pwd': '1234567', 'regname': 'user4'}
 Tue, 10 Mar 2020 16:11:29  INFO test_register1.py test_register [ line:94 ] 预期结果是：{"status":1,  "code":"10001", "data":None, "msg":"注册成功"}, 实际结果是：{'status': 1, 'code': '10001', 'data': None, 'msg': '注册成功'},测试通过
 Tue, 10 Mar 2020 16:11:29  INFO http_request.py request [ line:56 ] 正在发送请求，请求地址：http://118.24.221.133:8081/futureloan/mvc/api/member/register， 请求参数：{'mobilephone': '15024826307', 'pwd': '1234567', 'regname': 'user4'}
 Tue, 10 Mar 2020 16:11:29  INFO test_register1.py test_register [ line:94 ] 预期结果是：{"status":1,  "code":"10001", "data":None, "msg":"注册成功"}, 实际结果是：{'status': 1, 'code': '10001', 'data': None, 'msg': '注册成功'},测试通过
 Tue, 10 Mar 2020 16:11:30  INFO http_request.py request [ line:56 ] 正在发送请求，请求地址：http://118.24.221.133:8081/futureloan/mvc/api/member/register， 请求参数：{'mobilephone': '15100198506', 'pwd': '1234567', 'regname': 'user5'}
 Tue, 10 Mar 2020 16:11:30  INFO test_register1.py test_register [ line:94 ] 预期结果是：{"status":1,  "code":"10001", "data":None, "msg":"注册成功"}, 实际结果是：{'status': 1, 'code': '10001', 'data': None, 'msg': '注册成功'},测试通过
 Tue, 10 Mar 2020 16:11:30  INFO http_request.py request [ line:56 ] 正在发送请求，请求地址：http://118.24.221.133:8081/futureloan/mvc/api/member/register， 请求参数：{'mobilephone': '15295342259', 'pwd': '1234567', 'regname': 'user5'}
 Tue, 10 Mar 2020 16:11:30  INFO test_register1.py test_register [ line:94 ] 预期结果是：{"status":1,  "code":"10001", "data":None, "msg":"注册成功"}, 实际结果是：{'status': 1, 'code': '10001', 'data': None, 'msg': '注册成功'},测试通过
 Tue, 10 Mar 2020 16:11:31  INFO http_request.py request [ line:56 ] 正在发送请求，请求地址：http://118.24.221.133:8081/futureloan/mvc/api/member/register， 请求参数：{'mobilephone': '15794322133', 'pwd': '1234567', 'regname': 'user6'}
 Tue, 10 Mar 2020 16:11:31  INFO test_register1.py test_register [ line:94 ] 预期结果是：{"status":1,  "code":"10001", "data":None, "msg":"注册成功"}, 实际结果是：{'status': 1, 'code': '10001', 'data': None, 'msg': '注册成功'},测试通过
 Tue, 10 Mar 2020 16:11:31  INFO http_request.py request [ line:56 ] 正在发送请求，请求地址：http://118.24.221.133:8081/futureloan/mvc/api/member/register， 请求参数：{'mobilephone': '15877312024', 'pwd': '1234567', 'regname': 'user6'}
 Tue, 10 Mar 2020 16:11:31  INFO test_register1.py test_register [ line:94 ] 预期结果是：{"status":1,  "code":"10001", "data":None, "msg":"注册成功"}, 实际结果是：{'status': 1, 'code': '10001', 'data': None, 'msg': '注册成功'},测试通过
 Tue, 10 Mar 2020 16:11:32  INFO http_request.py request [ line:56 ] 正在发送请求，请求地址：http://118.24.221.133:8081/futureloan/mvc/api/member/register， 请求参数：{'mobilephone': '15911374482', 'pwd': '1234567', 'regname': 'user7'}
 Tue, 10 Mar 2020 16:11:32  INFO test_register1.py test_register [ line:94 ] 预期结果是：{"status":1,  "code":"10001", "data":None, "msg":"注册成功"}, 实际结果是：{'status': 1, 'code': '10001', 'data': None, 'msg': '注册成功'},测试通过
 Tue, 10 Mar 2020 16:11:32  INFO http_request.py request [ line:56 ] 正在发送请求，请求地址：http://118.24.221.133:8081/futureloan/mvc/api/member/register， 请求参数：{'mobilephone': '17226533702', 'pwd': '1234567', 'regname': 'user7'}
 Tue, 10 Mar 2020 16:11:32  ERROR test_register1.py test_register [ line:90 ] {'status': 1, 'code': '10001', 'data': None, 'msg': '注册成功'} != {'status': 0, 'code': '20109', 'data': None, 'msg': '手机号码格式不正确'}
- {'code': '10001', 'data': None, 'msg': '注册成功', 'status': 1}
?             ^^^                         ^^^^             ^

+ {'code': '20109', 'data': None, 'msg': '手机号码格式不正确', 'status': 0}
?           ++  ^                         ^^^^^^^^^             ^
Traceback (most recent call last):
  File "/Users/huangjie/学习/untitled7/test_cases/test_register1.py", line 87, in test_register
    self.assertEqual(eval(case.expected_data), res)
  File "/Library/Frameworks/Python.framework/Versions/3.7/lib/python3.7/unittest/case.py", line 852, in assertEqual
    assertion_func(first, second, msg=msg)
  File "/Library/Frameworks/Python.framework/Versions/3.7/lib/python3.7/unittest/case.py", line 1151, in assertDictEqual
    self.fail(self._formatMessage(msg, standardMsg))
  File "/Library/Frameworks/Python.framework/Versions/3.7/lib/python3.7/unittest/case.py", line 693, in fail
    raise self.failureException(msg)
AssertionError: {'status': 1, 'code': '10001', 'data': None, 'msg': '注册成功'} != {'status': 0, 'code': '20109', 'data': None, 'msg': '手机号码格式不正确'}
- {'code': '10001', 'data': None, 'msg': '注册成功', 'status': 1}
?             ^^^                         ^^^^             ^

+ {'code': '20109', 'data': None, 'msg': '手机号码格式不正确', 'status': 0}
?           ++  ^                         ^^^^^^^^^             ^

 Tue, 10 Mar 2020 16:11:33  INFO http_request.py request [ line:56 ] 正在发送请求，请求地址：http://118.24.221.133:8081/futureloan/mvc/api/member/register， 请求参数：{'mobilephone': '17849562229', 'pwd': '1234567', 'regname': 'user8'}
 Tue, 10 Mar 2020 16:11:33  INFO test_register1.py test_register [ line:94 ] 预期结果是：{"status":1,  "code":"10001", "data":None, "msg":"注册成功"}, 实际结果是：{'status': 1, 'code': '10001', 'data': None, 'msg': '注册成功'},测试通过
 Tue, 10 Mar 2020 16:11:33  INFO http_request.py request [ line:56 ] 正在发送请求，请求地址：http://118.24.221.133:8081/futureloan/mvc/api/member/register， 请求参数：{'mobilephone': '18211417517', 'pwd': '1234567', 'regname': 'user8'}
 Tue, 10 Mar 2020 16:11:33  INFO test_register1.py test_register [ line:94 ] 预期结果是：{"status":1,  "code":"10001", "data":None, "msg":"注册成功"}, 实际结果是：{'status': 1, 'code': '10001', 'data': None, 'msg': '注册成功'},测试通过
 Tue, 10 Mar 2020 16:11:34  INFO http_request.py request [ line:56 ] 正在发送请求，请求地址：http://118.24.221.133:8081/futureloan/mvc/api/member/register， 请求参数：{'mobilephone': '18371828219', 'pwd': '1234567', 'regname': 'user9'}
 Tue, 10 Mar 2020 16:11:34  INFO test_register1.py test_register [ line:94 ] 预期结果是：{"status":1,  "code":"10001", "data":None, "msg":"注册成功"}, 实际结果是：{'status': 1, 'code': '10001', 'data': None, 'msg': '注册成功'},测试通过
 Tue, 10 Mar 2020 16:11:34  INFO http_request.py request [ line:56 ] 正在发送请求，请求地址：http://118.24.221.133:8081/futureloan/mvc/api/member/register， 请求参数：{'mobilephone': '18499989964', 'pwd': '1234567', 'regname': 'user9'}
 Tue, 10 Mar 2020 16:11:34  INFO test_register1.py test_register [ line:94 ] 预期结果是：{"status":1,  "code":"10001", "data":None, "msg":"注册成功"}, 实际结果是：{'status': 1, 'code': '10001', 'data': None, 'msg': '注册成功'},测试通过
 Tue, 10 Mar 2020 16:11:35  INFO http_request.py request [ line:56 ] 正在发送请求，请求地址：http://118.24.221.133:8081/futureloan/mvc/api/member/register， 请求参数：{'mobilephone': '18783198908', 'pwd': '1234567', 'regname': 'user8'}
 Tue, 10 Mar 2020 16:11:35  INFO test_register1.py test_register [ line:94 ] 预期结果是：{"status":1,  "code":"10001", "data":None, "msg":"注册成功"}, 实际结果是：{'status': 1, 'code': '10001', 'data': None, 'msg': '注册成功'},测试通过
 Tue, 10 Mar 2020 16:11:35  INFO http_request.py request [ line:56 ] 正在发送请求，请求地址：http://118.24.221.133:8081/futureloan/mvc/api/member/register， 请求参数：{'mobilephone': '18822876307', 'pwd': '1234567', 'regname': 'user9'}
 Tue, 10 Mar 2020 16:11:35  INFO test_register1.py test_register [ line:94 ] 预期结果是：{"status":1,  "code":"10001", "data":None, "msg":"注册成功"}, 实际结果是：{'status': 1, 'code': '10001', 'data': None, 'msg': '注册成功'},测试通过
 Tue, 10 Mar 2020 16:11:36  INFO http_request.py request [ line:56 ] 正在发送请求，请求地址：http://118.24.221.133:8081/futureloan/mvc/api/member/register， 请求参数：{'mobilephone': '18952200798', 'pwd': '1234567', 'regname': 'user9'}
 Tue, 10 Mar 2020 16:11:36  INFO test_register1.py test_register [ line:94 ] 预期结果是：{"status":1,  "code":"10001", "data":None, "msg":"注册成功"}, 实际结果是：{'status': 1, 'code': '10001', 'data': None, 'msg': '注册成功'},测试通过
 Tue, 10 Mar 2020 16:11:36  INFO http_request.py request [ line:56 ] 正在发送请求，请求地址：http://118.24.221.133:8081/futureloan/mvc/api/member/register， 请求参数：{'mobilephone': '19267887051', 'pwd': '1234567', 'regname': 'user9'}
 Tue, 10 Mar 2020 16:11:36  ERROR test_register1.py test_register [ line:90 ] {'status': 1, 'code': '10001', 'data': None, 'msg': '注册成功'} != {'status': 0, 'code': '20109', 'data': None, 'msg': '手机号码格式不正确'}
- {'code': '10001', 'data': None, 'msg': '注册成功', 'status': 1}
?             ^^^                         ^^^^             ^

+ {'code': '20109', 'data': None, 'msg': '手机号码格式不正确', 'status': 0}
?           ++  ^                         ^^^^^^^^^             ^
Traceback (most recent call last):
  File "/Users/huangjie/学习/untitled7/test_cases/test_register1.py", line 87, in test_register
    self.assertEqual(eval(case.expected_data), res)
  File "/Library/Frameworks/Python.framework/Versions/3.7/lib/python3.7/unittest/case.py", line 852, in assertEqual
    assertion_func(first, second, msg=msg)
  File "/Library/Frameworks/Python.framework/Versions/3.7/lib/python3.7/unittest/case.py", line 1151, in assertDictEqual
    self.fail(self._formatMessage(msg, standardMsg))
  File "/Library/Frameworks/Python.framework/Versions/3.7/lib/python3.7/unittest/case.py", line 693, in fail
    raise self.failureException(msg)
AssertionError: {'status': 1, 'code': '10001', 'data': None, 'msg': '注册成功'} != {'status': 0, 'code': '20109', 'data': None, 'msg': '手机号码格式不正确'}
- {'code': '10001', 'data': None, 'msg': '注册成功', 'status': 1}
?             ^^^                         ^^^^             ^

+ {'code': '20109', 'data': None, 'msg': '手机号码格式不正确', 'status': 0}
?           ++  ^                         ^^^^^^^^^             ^

 Tue, 10 Mar 2020 16:11:37  INFO http_request.py request [ line:56 ] 正在发送请求，请求地址：http://118.24.221.133:8081/futureloan/mvc/api/member/register， 请求参数：{'mobilephone': '13941387738', 'pwd': '1234567', 'regname': 'user2'}
 Tue, 10 Mar 2020 16:11:37  INFO test_register1.py test_register [ line:94 ] 预期结果是：{"status":0,  "code":"20110", "data":None, "msg":"手机号码已被注册"}, 实际结果是：{'status': 0, 'code': '20110', 'data': None, 'msg': '手机号码已被注册'},测试通过
 Tue, 10 Mar 2020 16:11:37  INFO http_request.py request [ line:56 ] 正在发送请求，请求地址：http://118.24.221.133:8081/futureloan/mvc/api/member/register， 请求参数：{'mobilephone': '', 'pwd': '1234567', 'regname': 'user2'}
 Tue, 10 Mar 2020 16:11:37  INFO test_register1.py test_register [ line:94 ] 预期结果是：{'status': 0, 'code': '20103', 'data': None, 'msg': '手机号不能为空'}, 实际结果是：{'status': 0, 'code': '20103', 'data': None, 'msg': '手机号不能为空'},测试通过
 Tue, 10 Mar 2020 16:11:38  INFO http_request.py request [ line:56 ] 正在发送请求，请求地址：http://118.24.221.133:8081/futureloan/mvc/api/member/register， 请求参数：{'mobilephone': '13005111771', 'pwd': '', 'regname': 'user2'}
 Tue, 10 Mar 2020 16:11:38  INFO test_register1.py test_register [ line:94 ] 预期结果是：{'status': 0, 'code': '20103', 'data': None, 'msg': '密码不能为空'}, 实际结果是：{'status': 0, 'code': '20103', 'data': None, 'msg': '密码不能为空'},测试通过
 Tue, 10 Mar 2020 16:11:38  INFO http_request.py request [ line:56 ] 正在发送请求，请求地址：http://118.24.221.133:8081/futureloan/mvc/api/member/register， 请求参数：{'mobilephone': '18276947600', 'pwd': '123', 'regname': 'user3'}
 Tue, 10 Mar 2020 16:11:38  INFO test_register1.py test_register [ line:94 ] 预期结果是：{"status":0,  "code":"20108", "data":None, "msg":"密码长度必须为6~18"}, 实际结果是：{'status': 0, 'code': '20108', 'data': None, 'msg': '密码长度必须为6~18'},测试通过
 Tue, 10 Mar 2020 16:11:39  INFO http_request.py request [ line:56 ] 正在发送请求，请求地址：http://118.24.221.133:8081/futureloan/mvc/api/member/register， 请求参数：{'mobilephone': '1389087', 'pwd': '1234567', 'regname': 'user3'}
 Tue, 10 Mar 2020 16:11:39  INFO test_register1.py test_register [ line:94 ] 预期结果是：{"status":0,  "code":"20109", "data":None, "msg":"手机号码格式不正确"}, 实际结果是：{'status': 0, 'code': '20109', 'data': None, 'msg': '手机号码格式不正确'},测试通过
 Tue, 10 Mar 2020 16:11:39  INFO http_request.py request [ line:56 ] 正在发送请求，请求地址：http://118.24.221.133:8081/futureloan/mvc/api/member/register， 请求参数：{'mobilephone': '18390760998', 'pwd': '哈哈', 'regname': 'user3'}
 Tue, 10 Mar 2020 16:11:39  INFO test_register1.py test_register [ line:94 ] 预期结果是：{'status': 0, 'code': '20108', 'data': None, 'msg': '密码长度必须为6~18'}, 实际结果是：{'status': 0, 'code': '20108', 'data': None, 'msg': '密码长度必须为6~18'},测试通过
 Tue, 10 Mar 2020 16:11:40  INFO test_register1.py tearDownClass [ line:61 ] ==================== 注册接口测试执行完毕====================
 Tue, 10 Mar 2020 16:11:40  INFO test_withdraw.py setUpClass [ line:40 ] ==================== 准备开始执行登录接口测试 ====================
 Tue, 10 Mar 2020 16:11:40  INFO http_request.py request [ line:56 ] 正在发送请求，请求地址：http://118.24.221.133:8081/futureloan/mvc/api/member/login， 请求参数：{'mobilephone': '13941387738', 'pwd': '1234567'}
 Tue, 10 Mar 2020 16:11:40  INFO test_withdraw.py test_login [ line:81 ] 预期结果是：{"status":1,  "code":"10001", "data":None, "msg":"登录成功"}, 实际结果是：{'status': 1, 'code': '10001', 'data': None, 'msg': '登录成功'},测试通过
 Tue, 10 Mar 2020 16:11:41  INFO http_request.py request [ line:56 ] 正在发送请求，请求地址：http://118.24.221.133:8081/futureloan/mvc/api/member/withdraw， 请求参数：{'mobilephone': '13827367493', 'amount': '1'}
 Tue, 10 Mar 2020 16:11:41  INFO test_withdraw.py test_login [ line:81 ] 预期结果是：{'status': 1, 'code': '20104', 'data': None, 'msg': '此手机号对应的会员不存在'}, 实际结果是：{'status': 1, 'code': '20104', 'data': None, 'msg': '此手机号对应的会员不存在'},测试通过
 Tue, 10 Mar 2020 16:11:41  INFO http_request.py request [ line:56 ] 正在发送请求，请求地址：http://118.24.221.133:8081/futureloan/mvc/api/member/withdraw， 请求参数：{'mobilephone': '1098', 'amount': '1'}
 Tue, 10 Mar 2020 16:11:41  INFO test_withdraw.py test_login [ line:81 ] 预期结果是：{'status': 0, 'code': '20109', 'data': None, 'msg': '手机号码格式不正确'}, 实际结果是：{'status': 0, 'code': '20109', 'data': None, 'msg': '手机号码格式不正确'},测试通过
 Tue, 10 Mar 2020 16:11:42  INFO http_request.py request [ line:56 ] 正在发送请求，请求地址：http://118.24.221.133:8081/futureloan/mvc/api/member/withdraw， 请求参数：{'mobilephone': '13941387738', 'amount': '1'}
 Tue, 10 Mar 2020 16:11:42  INFO test_withdraw.py test_login [ line:81 ] 预期结果是：{'status': 1, 'code': '10001', 'data': {'id': 1507, 'regname': 'user1', 'pwd': 'FCEA920F7412B5DA7BE0CF42B8C93759', 'mobilephone': '13941387738', 'leaveamount': '9577.00', 'type': '1', 'regtime': '2020-03-09 14:25:05.0'}, 'msg': '取现成功'}, 实际结果是：{'status': 1, 'code': '10001', 'data': {'id': 1507, 'regname': 'user1', 'pwd': 'FCEA920F7412B5DA7BE0CF42B8C93759', 'mobilephone': '13941387738', 'leaveamount': '9577.00', 'type': '1', 'regtime': '2020-03-09 14:25:05.0'}, 'msg': '取现成功'},测试通过
 Tue, 10 Mar 2020 16:11:43  INFO http_request.py request [ line:56 ] 正在发送请求，请求地址：http://118.24.221.133:8081/futureloan/mvc/api/member/withdraw， 请求参数：{'mobilephone': '13941387738', 'amount': '20.098'}
 Tue, 10 Mar 2020 16:11:43  INFO test_withdraw.py test_login [ line:81 ] 预期结果是：{'status': 0, 'code': '20116', 'data': None, 'msg': '输入金额的金额小数不能超过两位'}, 实际结果是：{'status': 0, 'code': '20116', 'data': None, 'msg': '输入金额的金额小数不能超过两位'},测试通过
 Tue, 10 Mar 2020 16:11:43  INFO http_request.py request [ line:56 ] 正在发送请求，请求地址：http://118.24.221.133:8081/futureloan/mvc/api/member/withdraw， 请求参数：{'mobilephone': '13941387738', 'amount': '-30'}
 Tue, 10 Mar 2020 16:11:43  INFO test_withdraw.py test_login [ line:81 ] 预期结果是：{'status': 0, 'code': '20117', 'data': None, 'msg': '请输入范围在0到50万之间的正数金额'}, 实际结果是：{'status': 0, 'code': '20117', 'data': None, 'msg': '请输入范围在0到50万之间的正数金额'},测试通过
 Tue, 10 Mar 2020 16:11:44  INFO http_request.py request [ line:56 ] 正在发送请求，请求地址：http://118.24.221.133:8081/futureloan/mvc/api/member/withdraw， 请求参数：{'mobilephone': '13941387738', 'amount': '哈哈'}
 Tue, 10 Mar 2020 16:11:44  INFO test_withdraw.py test_login [ line:81 ] 预期结果是：{'status': 0, 'code': '20118', 'data': None, 'msg': '请输入数字'}, 实际结果是：{'status': 0, 'code': '20118', 'data': None, 'msg': '请输入数字'},测试通过
 Tue, 10 Mar 2020 16:11:44  INFO http_request.py request [ line:56 ] 正在发送请求，请求地址：http://118.24.221.133:8081/futureloan/mvc/api/member/withdraw， 请求参数：{'mobilephone': '13941387738', 'amount': '5000000'}
 Tue, 10 Mar 2020 16:11:44  INFO test_withdraw.py test_login [ line:81 ] 预期结果是：{'status': 0, 'code': '20117', 'data': None, 'msg': '请输入范围在0到50万之间的正数金额'}, 实际结果是：{'status': 0, 'code': '20117', 'data': None, 'msg': '请输入范围在0到50万之间的正数金额'},测试通过
 Tue, 10 Mar 2020 16:11:45  INFO http_request.py request [ line:56 ] 正在发送请求，请求地址：http://118.24.221.133:8081/futureloan/mvc/api/member/withdraw， 请求参数：{'mobilephone': '13941387738', 'amount': '10577'}
 Tue, 10 Mar 2020 16:11:45  INFO test_withdraw.py test_login [ line:81 ] 预期结果是：{'status': 1, 'code': '20119', 'data': None, 'msg': '余额不足，请修改提现额度'}, 实际结果是：{'status': 1, 'code': '20119', 'data': None, 'msg': '余额不足，请修改提现额度'},测试通过
 Tue, 10 Mar 2020 16:11:45  INFO test_withdraw.py tearDownClass [ line:46 ] ==================== 登录接口测试执行完毕====================
