 Mon, 09 Mar 2020 14:14:07  INFO test_login.py setUpClass [ line:40 ] ==================== 准备开始执行登录接口测试 ====================
 Mon, 09 Mar 2020 14:14:08  INFO test_login.py tearDownClass [ line:46 ] ==================== 登录接口测试执行完毕====================
 Mon, 09 Mar 2020 14:14:08  INFO test_recharge.py setUpClass [ line:42 ] ==================== 准备开始执行充值接口测试 ====================
 Mon, 09 Mar 2020 14:14:09  INFO http_request.py request [ line:56 ] 正在发送请求，请求地址：http://118.24.221.133:8081/futureloan/mvc/api/member/recharge， 请求参数：{'mobilephone': '15815541733', 'amount': '200'}
 Mon, 09 Mar 2020 14:14:09  ERROR test_recharge.py test_recharge [ line:74 ] {'status': 1, 'code': '10001', 'data': None, 'msg': '充值成功'} != {'status': 0, 'code': None, 'data': None, 'msg': '抱歉，请先登录。'}
- {'code': '10001', 'data': None, 'msg': '充值成功', 'status': 1}
?          ^^^^^^^                        ^^^^             ^

+ {'code': None, 'data': None, 'msg': '抱歉，请先登录。', 'status': 0}
?          ^^^^                        ^^^^^^^^             ^
Traceback (most recent call last):
  File "/Users/huangjie/学习/untitled7/test_cases/test_recharge.py", line 71, in test_recharge
    self.assertEqual(eval(case.expected_data), res)
  File "/Library/Frameworks/Python.framework/Versions/3.7/lib/python3.7/unittest/case.py", line 852, in assertEqual
    assertion_func(first, second, msg=msg)
  File "/Library/Frameworks/Python.framework/Versions/3.7/lib/python3.7/unittest/case.py", line 1151, in assertDictEqual
    self.fail(self._formatMessage(msg, standardMsg))
  File "/Library/Frameworks/Python.framework/Versions/3.7/lib/python3.7/unittest/case.py", line 693, in fail
    raise self.failureException(msg)
AssertionError: {'status': 1, 'code': '10001', 'data': None, 'msg': '充值成功'} != {'status': 0, 'code': None, 'data': None, 'msg': '抱歉，请先登录。'}
- {'code': '10001', 'data': None, 'msg': '充值成功', 'status': 1}
?          ^^^^^^^                        ^^^^             ^

+ {'code': None, 'data': None, 'msg': '抱歉，请先登录。', 'status': 0}
?          ^^^^                        ^^^^^^^^             ^

 Mon, 09 Mar 2020 14:14:09  INFO test_recharge.py tearDownClass [ line:48 ] ==================== 充值接口测试接口测试执行完毕====================
 Mon, 09 Mar 2020 14:14:09  INFO test_register1.py setUpClass [ line:55 ] ==================== 准备开始执行注册接口测试 ====================
 Mon, 09 Mar 2020 14:14:09  INFO http_request.py request [ line:56 ] 正在发送请求，请求地址：http://118.24.221.133:8081/futureloan/mvc/api/member/register， 请求参数：{'mobilephone': '18354163331', 'pwd': '1234567', 'regname': 'user1'}
 Mon, 09 Mar 2020 14:14:09  INFO test_register1.py test_register [ line:94 ] 预期结果是：{"status":1,  "code":"10001", "data":None, "msg":"注册成功"}, 实际结果是：{'status': 1, 'code': '10001', 'data': None, 'msg': '注册成功'},测试通过
 Mon, 09 Mar 2020 14:14:09  INFO http_request.py request [ line:56 ] 正在发送请求，请求地址：http://118.24.221.133:8081/futureloan/mvc/api/member/register， 请求参数：{'mobilephone': '18569587929', 'pwd': '1234567', 'regname': 'user1'}
 Mon, 09 Mar 2020 14:14:10  INFO test_register1.py test_register [ line:94 ] 预期结果是：{"status":1,  "code":"10001", "data":None, "msg":"注册成功"}, 实际结果是：{'status': 1, 'code': '10001', 'data': None, 'msg': '注册成功'},测试通过
 Mon, 09 Mar 2020 14:14:10  INFO http_request.py request [ line:56 ] 正在发送请求，请求地址：http://118.24.221.133:8081/futureloan/mvc/api/member/register， 请求参数：{'mobilephone': '13905497544', 'pwd': '1234567', 'regname': 'user1'}
 Mon, 09 Mar 2020 14:14:10  INFO test_register1.py test_register [ line:94 ] 预期结果是：{"status":1,  "code":"10001", "data":None, "msg":"注册成功"}, 实际结果是：{'status': 1, 'code': '10001', 'data': None, 'msg': '注册成功'},测试通过
 Mon, 09 Mar 2020 14:14:10  INFO http_request.py request [ line:56 ] 正在发送请求，请求地址：http://118.24.221.133:8081/futureloan/mvc/api/member/register， 请求参数：{'mobilephone': '15815541733', 'pwd': '1234567', 'regname': 'user2'}
 Mon, 09 Mar 2020 14:14:10  INFO test_register1.py test_register [ line:94 ] 预期结果是：{"status":0,  "code":"20110", "data":None, "msg":"手机号码已被注册"}, 实际结果是：{'status': 0, 'code': '20110', 'data': None, 'msg': '手机号码已被注册'},测试通过
 Mon, 09 Mar 2020 14:14:10  INFO http_request.py request [ line:56 ] 正在发送请求，请求地址：http://118.24.221.133:8081/futureloan/mvc/api/member/register， 请求参数：{'mobilephone': '18203373997', 'pwd': '123', 'regname': 'user3'}
 Mon, 09 Mar 2020 14:14:10  INFO test_register1.py test_register [ line:94 ] 预期结果是：{"status":0,  "code":"20108", "data":None, "msg":"密码长度必须为6~18"}, 实际结果是：{'status': 0, 'code': '20108', 'data': None, 'msg': '密码长度必须为6~18'},测试通过
 Mon, 09 Mar 2020 14:14:10  INFO http_request.py request [ line:56 ] 正在发送请求，请求地址：http://118.24.221.133:8081/futureloan/mvc/api/member/register， 请求参数：{'mobilephone': '1389087', 'pwd': '1234567', 'regname': 'user3'}
 Mon, 09 Mar 2020 14:14:11  INFO test_register1.py test_register [ line:94 ] 预期结果是：{"status":0,  "code":"20109", "data":None, "msg":"手机号码格式不正确"}, 实际结果是：{'status': 0, 'code': '20109', 'data': None, 'msg': '手机号码格式不正确'},测试通过
 Mon, 09 Mar 2020 14:14:11  INFO test_register1.py tearDownClass [ line:61 ] ==================== 注册接口测试执行完毕====================
