 Wed, 11 Mar 2020 11:08:03  INFO test_search.py setUpClass [ line:57 ] ==================== 准备开始执行查询接口测试 ====================
 Wed, 11 Mar 2020 11:08:03  INFO http_request.py request [ line:53 ] 正在发送请求，请求地址：http://144.34.200.237:8080/admin/login， 请求参数：{'password': '123456', 'username': 'ceshijiagoushi'}
 Wed, 11 Mar 2020 11:08:04  INFO http_request.py request [ line:56 ] 正在发送请求，请求地址：http://144.34.200.237:8080/admin/login， 请求参数：{'username': 'ceshijiagoushi', 'password': '123456'}
 Wed, 11 Mar 2020 11:08:04  ERROR test_search.py test_search [ line:92 ] {'code': 200, 'message': '操作成功', 'data': {'[36 chars]en'}} != {'timestamp': '2020-03-11T03:08:04.300+0000[162 chars]gin'}
- {'code': 200,
-  'data': {'token': '#token', 'tokenHead': 'Bearer'},
-  'message': '操作成功'}
+ {'error': 'Unsupported Media Type',
+  'message': "Content type 'application/x-www-form-urlencoded;charset=UTF-8' "
+             'not supported',
+  'path': '/admin/login',
+  'status': 415,
+  'timestamp': '2020-03-11T03:08:04.300+0000'}
Traceback (most recent call last):
  File "/Users/huangjie/学习/untitled7/test_cases/test_search.py", line 88, in test_search
    self.assertEqual(eval(case.expected_data), res)
  File "/Library/Frameworks/Python.framework/Versions/3.7/lib/python3.7/unittest/case.py", line 852, in assertEqual
    assertion_func(first, second, msg=msg)
  File "/Library/Frameworks/Python.framework/Versions/3.7/lib/python3.7/unittest/case.py", line 1151, in assertDictEqual
    self.fail(self._formatMessage(msg, standardMsg))
  File "/Library/Frameworks/Python.framework/Versions/3.7/lib/python3.7/unittest/case.py", line 693, in fail
    raise self.failureException(msg)
AssertionError: {'code': 200, 'message': '操作成功', 'data': {'[36 chars]en'}} != {'timestamp': '2020-03-11T03:08:04.300+0000[162 chars]gin'}
- {'code': 200,
-  'data': {'token': '#token', 'tokenHead': 'Bearer'},
-  'message': '操作成功'}
+ {'error': 'Unsupported Media Type',
+  'message': "Content type 'application/x-www-form-urlencoded;charset=UTF-8' "
+             'not supported',
+  'path': '/admin/login',
+  'status': 415,
+  'timestamp': '2020-03-11T03:08:04.300+0000'}
 Wed, 11 Mar 2020 11:08:04  INFO test_search.py tearDownClass [ line:63 ] ==================== 查询接口测试执行完毕====================
