 Tue, 10 Mar 2020 15:45:09  INFO test_login.py setUpClass [ line:40 ] ==================== 准备开始执行登录接口测试 ====================
 Tue, 10 Mar 2020 15:45:09  INFO http_request.py request [ line:56 ] 正在发送请求，请求地址：http://118.24.221.133:8081/futureloan/mvc/api/member/login， 请求参数：{'mobilephone': '13941387738', 'pwd': '1234567'}
 Tue, 10 Mar 2020 15:45:09  INFO test_login.py test_login [ line:77 ] 预期结果是：{"status":1,  "code":"10001", "data":None, "msg":"登录成功"}, 实际结果是：{'status': 1, 'code': '10001', 'data': None, 'msg': '登录成功'},测试通过
 Tue, 10 Mar 2020 15:45:10  INFO http_request.py request [ line:56 ] 正在发送请求，请求地址：http://118.24.221.133:8081/futureloan/mvc/api/member/login， 请求参数：{'mobilephone': '150 71369970', 'pwd': '123456'}
 Tue, 10 Mar 2020 15:45:10  INFO test_login.py test_login [ line:77 ] 预期结果是：{'status': 0, 'code': '20111', 'data': None, 'msg': '用户名或密码错误'}, 实际结果是：{'status': 0, 'code': '20111', 'data': None, 'msg': '用户名或密码错误'},测试通过
 Tue, 10 Mar 2020 15:45:10  INFO http_request.py request [ line:56 ] 正在发送请求，请求地址：http://118.24.221.133:8081/futureloan/mvc/api/member/login， 请求参数：{'mobilephone': '18322740527', 'pwd': '1234568'}
 Tue, 10 Mar 2020 15:45:10  INFO test_login.py test_login [ line:77 ] 预期结果是：{'status': 0, 'code': '20111', 'data': None, 'msg': '用户名或密码错误'}, 实际结果是：{'status': 0, 'code': '20111', 'data': None, 'msg': '用户名或密码错误'},测试通过
 Tue, 10 Mar 2020 15:45:11  INFO http_request.py request [ line:56 ] 正在发送请求，请求地址：http://118.24.221.133:8081/futureloan/mvc/api/member/login， 请求参数：{'mobilephone': '', 'pwd': '1234568'}
 Tue, 10 Mar 2020 15:45:11  INFO test_login.py test_login [ line:77 ] 预期结果是：{'status': 0, 'code': '20103', 'data': None, 'msg': '手机号不能为空'}, 实际结果是：{'status': 0, 'code': '20103', 'data': None, 'msg': '手机号不能为空'},测试通过
 Tue, 10 Mar 2020 15:45:11  INFO http_request.py request [ line:56 ] 正在发送请求，请求地址：http://118.24.221.133:8081/futureloan/mvc/api/member/login， 请求参数：{'mobilephone': '13941387738', 'pwd': ''}
 Tue, 10 Mar 2020 15:45:11  INFO test_login.py test_login [ line:77 ] 预期结果是：{'status': 0, 'code': '20103', 'data': None, 'msg': '密码不能为空'}, 实际结果是：{'status': 0, 'code': '20103', 'data': None, 'msg': '密码不能为空'},测试通过
 Tue, 10 Mar 2020 15:45:12  INFO http_request.py request [ line:56 ] 正在发送请求，请求地址：http://118.24.221.133:8081/futureloan/mvc/api/member/login， 请求参数：{'mobilephone': '13941387738', 'pwd': '1234569'}
 Tue, 10 Mar 2020 15:45:12  INFO test_login.py test_login [ line:77 ] 预期结果是：{'status': 0, 'code': '20111', 'data': None, 'msg': '用户名或密码错误'}, 实际结果是：{'status': 0, 'code': '20111', 'data': None, 'msg': '用户名或密码错误'},测试通过
 Tue, 10 Mar 2020 15:45:12  INFO test_login.py tearDownClass [ line:46 ] ==================== 登录接口测试执行完毕====================
 Tue, 10 Mar 2020 15:45:12  INFO test_recharge.py setUpClass [ line:41 ] ==================== 准备开始执行充值接口测试 ====================
 Tue, 10 Mar 2020 15:45:13  INFO http_request.py request [ line:56 ] 正在发送请求，请求地址：http://118.24.221.133:8081/futureloan/mvc/api/member/login， 请求参数：{'mobilephone': '13941387738', 'pwd': '1234567'}
 Tue, 10 Mar 2020 15:45:13  INFO test_recharge.py test_recharge [ line:80 ] 预期结果是：{"status":1,  "code":"10001", "data":None, "msg":"登录成功"}, 实际结果是：{'status': 1, 'code': '10001', 'data': None, 'msg': '登录成功'},测试通过
 Tue, 10 Mar 2020 15:45:13  INFO http_request.py request [ line:56 ] 正在发送请求，请求地址：http://118.24.221.133:8081/futureloan/mvc/api/member/recharge， 请求参数：{'mobilephone': '13941387738', 'amount': '200'}
 Tue, 10 Mar 2020 15:45:14  INFO test_recharge.py test_recharge [ line:80 ] 预期结果是：{'status': 1, 'code': '10001', 'data': {'id': 1507, 'regname': 'user1', 'pwd': 'FCEA920F7412B5DA7BE0CF42B8C93759', 'mobilephone': '13941387738', 'leaveamount': '8583.00', 'type': '1', 'regtime': '2020-03-09 14:25:05.0'}, 'msg': '充值成功'}, 实际结果是：{'status': 1, 'code': '10001', 'data': {'id': 1507, 'regname': 'user1', 'pwd': 'FCEA920F7412B5DA7BE0CF42B8C93759', 'mobilephone': '13941387738', 'leaveamount': '8583.00', 'type': '1', 'regtime': '2020-03-09 14:25:05.0'}, 'msg': '充值成功'},测试通过
 Tue, 10 Mar 2020 15:45:14  INFO http_request.py request [ line:56 ] 正在发送请求，请求地址：http://118.24.221.133:8081/futureloan/mvc/api/member/recharge， 请求参数：{'mobilephone': '13281160581', 'amount': '200'}
 Tue, 10 Mar 2020 15:45:14  INFO test_recharge.py test_recharge [ line:80 ] 预期结果是：{'status': 0, 'code': '20104', 'data': None, 'msg': '此手机号对应的会员不存在'}, 实际结果是：{'status': 0, 'code': '20104', 'data': None, 'msg': '此手机号对应的会员不存在'},测试通过
 Tue, 10 Mar 2020 15:45:15  INFO http_request.py request [ line:56 ] 正在发送请求，请求地址：http://118.24.221.133:8081/futureloan/mvc/api/member/recharge， 请求参数：{'mobilephone': '13523', 'amount': '201'}
 Tue, 10 Mar 2020 15:45:15  INFO test_recharge.py test_recharge [ line:80 ] 预期结果是：{'status': 0, 'code': '20109', 'data': None, 'msg': '手机号码格式不正确'}, 实际结果是：{'status': 0, 'code': '20109', 'data': None, 'msg': '手机号码格式不正确'},测试通过
 Tue, 10 Mar 2020 15:45:15  INFO http_request.py request [ line:56 ] 正在发送请求，请求地址：http://118.24.221.133:8081/futureloan/mvc/api/member/recharge， 请求参数：{'mobilephone': '', 'amount': '201'}
 Tue, 10 Mar 2020 15:45:15  INFO test_recharge.py test_recharge [ line:80 ] 预期结果是：{'status': 0, 'code': '20103', 'data': None, 'msg': '手机号不能为空'}, 实际结果是：{'status': 0, 'code': '20103', 'data': None, 'msg': '手机号不能为空'},测试通过
 Tue, 10 Mar 2020 15:45:16  INFO http_request.py request [ line:56 ] 正在发送请求，请求地址：http://118.24.221.133:8081/futureloan/mvc/api/member/recharge， 请求参数：{'mobilephone': '13941387738', 'amount': ''}
 Tue, 10 Mar 2020 15:45:16  INFO test_recharge.py test_recharge [ line:80 ] 预期结果是：{'status': 0, 'code': '20115', 'data': None, 'msg': '请输入金额'}, 实际结果是：{'status': 0, 'code': '20115', 'data': None, 'msg': '请输入金额'},测试通过
 Tue, 10 Mar 2020 15:45:16  INFO http_request.py request [ line:56 ] 正在发送请求，请求地址：http://118.24.221.133:8081/futureloan/mvc/api/member/recharge， 请求参数：{'mobilephone': '13941387738', 'amount': '20.098'}
 Tue, 10 Mar 2020 15:45:16  INFO test_recharge.py test_recharge [ line:80 ] 预期结果是：{'status': 0, 'code': '20116', 'data': None, 'msg': '输入金额的金额小数不能超过两位'}, 实际结果是：{'status': 0, 'code': '20116', 'data': None, 'msg': '输入金额的金额小数不能超过两位'},测试通过
 Tue, 10 Mar 2020 15:45:17  INFO http_request.py request [ line:56 ] 正在发送请求，请求地址：http://118.24.221.133:8081/futureloan/mvc/api/member/recharge， 请求参数：{'mobilephone': '13941387738', 'amount': '-30'}
 Tue, 10 Mar 2020 15:45:17  INFO test_recharge.py test_recharge [ line:80 ] 预期结果是：{'status': 0, 'code': '20117', 'data': None, 'msg': '请输入范围在0到50万之间的正数金额'}, 实际结果是：{'status': 0, 'code': '20117', 'data': None, 'msg': '请输入范围在0到50万之间的正数金额'},测试通过
 Tue, 10 Mar 2020 15:45:17  INFO http_request.py request [ line:56 ] 正在发送请求，请求地址：http://118.24.221.133:8081/futureloan/mvc/api/member/recharge， 请求参数：{'mobilephone': '13941387738', 'amount': '1000000'}
 Tue, 10 Mar 2020 15:45:17  INFO test_recharge.py test_recharge [ line:80 ] 预期结果是：{'status': 0, 'code': '20117', 'data': None, 'msg': '请输入范围在0到50万之间的正数金额'}, 实际结果是：{'status': 0, 'code': '20117', 'data': None, 'msg': '请输入范围在0到50万之间的正数金额'},测试通过
 Tue, 10 Mar 2020 15:45:18  INFO http_request.py request [ line:56 ] 正在发送请求，请求地址：http://118.24.221.133:8081/futureloan/mvc/api/member/recharge， 请求参数：{'mobilephone': '13941387738', 'amount': '哈哈'}
 Tue, 10 Mar 2020 15:45:18  INFO test_recharge.py test_recharge [ line:80 ] 预期结果是：{'status': 0, 'code': '20118', 'data': None, 'msg': '请输入数字'}, 实际结果是：{'status': 0, 'code': '20118', 'data': None, 'msg': '请输入数字'},测试通过
 Tue, 10 Mar 2020 15:45:18  INFO test_recharge.py tearDownClass [ line:47 ] ==================== 充值接口测试接口测试执行完毕====================
 Tue, 10 Mar 2020 15:45:18  INFO test_register1.py setUpClass [ line:55 ] ==================== 准备开始执行注册接口测试 ====================
 Tue, 10 Mar 2020 15:45:19  INFO http_request.py request [ line:56 ] 正在发送请求，请求地址：http://118.24.221.133:8081/futureloan/mvc/api/member/register， 请求参数：{'mobilephone': '13392676248', 'pwd': '1234567', 'regname': 'user1'}
 Tue, 10 Mar 2020 15:45:19  INFO test_register1.py test_register [ line:94 ] 预期结果是：{"status":1,  "code":"10001", "data":None, "msg":"注册成功"}, 实际结果是：{'status': 1, 'code': '10001', 'data': None, 'msg': '注册成功'},测试通过
 Tue, 10 Mar 2020 15:45:19  INFO http_request.py request [ line:56 ] 正在发送请求，请求地址：http://118.24.221.133:8081/futureloan/mvc/api/member/register， 请求参数：{'mobilephone': '14998662307', 'pwd': '1234567', 'regname': 'user1'}
 Tue, 10 Mar 2020 15:45:19  ERROR test_register1.py test_register [ line:90 ] {'status': 1, 'code': '10001', 'data': None, 'msg': '注册成功'} != {'status': 0, 'code': '20109', 'data': None, 'msg': '手机号码格式不正确'}
- {'code': '10001', 'data': None, 'msg': '注册成功', 'status': 1}
?             ^^^                         ^^^^             ^

+ {'code': '20109', 'data': None, 'msg': '手机号码格式不正确', 'status': 0}
?           ++  ^                         ^^^^^^^^^             ^
Traceback (most recent call last):
  File "/Users/huangjie/学习/untitled7/test_cases/test_register1.py", line 87, in test_register
    self.assertEqual(eval(case.expected_data), res)
  File "/Library/Frameworks/Python.framework/Versions/3.7/lib/python3.7/unittest/case.py", line 852, in assertEqual
    assertion_func(first, second, msg=msg)
  File "/Library/Frameworks/Python.framework/Versions/3.7/lib/python3.7/unittest/case.py", line 1151, in assertDictEqual
    self.fail(self._formatMessage(msg, standardMsg))
  File "/Library/Frameworks/Python.framework/Versions/3.7/lib/python3.7/unittest/case.py", line 693, in fail
    raise self.failureException(msg)
AssertionError: {'status': 1, 'code': '10001', 'data': None, 'msg': '注册成功'} != {'status': 0, 'code': '20109', 'data': None, 'msg': '手机号码格式不正确'}
- {'code': '10001', 'data': None, 'msg': '注册成功', 'status': 1}
?             ^^^                         ^^^^             ^

+ {'code': '20109', 'data': None, 'msg': '手机号码格式不正确', 'status': 0}
?           ++  ^                         ^^^^^^^^^             ^

 Tue, 10 Mar 2020 15:45:20  INFO http_request.py request [ line:56 ] 正在发送请求，请求地址：http://118.24.221.133:8081/futureloan/mvc/api/member/register， 请求参数：{'mobilephone': '15344472782', 'pwd': '1234567', 'regname': 'user1'}
 Tue, 10 Mar 2020 15:45:20  INFO test_register1.py test_register [ line:94 ] 预期结果是：{"status":1,  "code":"10001", "data":None, "msg":"注册成功"}, 实际结果是：{'status': 1, 'code': '10001', 'data': None, 'msg': '注册成功'},测试通过
 Tue, 10 Mar 2020 15:45:20  INFO http_request.py request [ line:56 ] 正在发送请求，请求地址：http://118.24.221.133:8081/futureloan/mvc/api/member/register， 请求参数：{'mobilephone': '17311927222', 'pwd': '1234567', 'regname': 'user1'}
 Tue, 10 Mar 2020 15:45:20  ERROR test_register1.py test_register [ line:90 ] {'status': 1, 'code': '10001', 'data': None, 'msg': '注册成功'} != {'status': 0, 'code': '20109', 'data': None, 'msg': '手机号码格式不正确'}
- {'code': '10001', 'data': None, 'msg': '注册成功', 'status': 1}
?             ^^^                         ^^^^             ^

+ {'code': '20109', 'data': None, 'msg': '手机号码格式不正确', 'status': 0}
?           ++  ^                         ^^^^^^^^^             ^
Traceback (most recent call last):
  File "/Users/huangjie/学习/untitled7/test_cases/test_register1.py", line 87, in test_register
    self.assertEqual(eval(case.expected_data), res)
  File "/Library/Frameworks/Python.framework/Versions/3.7/lib/python3.7/unittest/case.py", line 852, in assertEqual
    assertion_func(first, second, msg=msg)
  File "/Library/Frameworks/Python.framework/Versions/3.7/lib/python3.7/unittest/case.py", line 1151, in assertDictEqual
    self.fail(self._formatMessage(msg, standardMsg))
  File "/Library/Frameworks/Python.framework/Versions/3.7/lib/python3.7/unittest/case.py", line 693, in fail
    raise self.failureException(msg)
AssertionError: {'status': 1, 'code': '10001', 'data': None, 'msg': '注册成功'} != {'status': 0, 'code': '20109', 'data': None, 'msg': '手机号码格式不正确'}
- {'code': '10001', 'data': None, 'msg': '注册成功', 'status': 1}
?             ^^^                         ^^^^             ^

+ {'code': '20109', 'data': None, 'msg': '手机号码格式不正确', 'status': 0}
?           ++  ^                         ^^^^^^^^^             ^

 Tue, 10 Mar 2020 15:45:21  INFO http_request.py request [ line:56 ] 正在发送请求，请求地址：http://118.24.221.133:8081/futureloan/mvc/api/member/register， 请求参数：{'mobilephone': '17708784975', 'pwd': '1234567', 'regname': 'user1'}
 Tue, 10 Mar 2020 15:45:21  INFO test_register1.py test_register [ line:94 ] 预期结果是：{"status":1,  "code":"10001", "data":None, "msg":"注册成功"}, 实际结果是：{'status': 1, 'code': '10001', 'data': None, 'msg': '注册成功'},测试通过
 Tue, 10 Mar 2020 15:45:21  INFO http_request.py request [ line:56 ] 正在发送请求，请求地址：http://118.24.221.133:8081/futureloan/mvc/api/member/register， 请求参数：{'mobilephone': '18055622369', 'pwd': '1234567', 'regname': 'user1'}
 Tue, 10 Mar 2020 15:45:21  INFO test_register1.py test_register [ line:94 ] 预期结果是：{"status":1,  "code":"10001", "data":None, "msg":"注册成功"}, 实际结果是：{'status': 1, 'code': '10001', 'data': None, 'msg': '注册成功'},测试通过
 Tue, 10 Mar 2020 15:45:22  INFO http_request.py request [ line:56 ] 正在发送请求，请求地址：http://118.24.221.133:8081/futureloan/mvc/api/member/register， 请求参数：{'mobilephone': '18162751815', 'pwd': '1234567', 'regname': 'user1'}
 Tue, 10 Mar 2020 15:45:22  INFO test_register1.py test_register [ line:94 ] 预期结果是：{"status":1,  "code":"10001", "data":None, "msg":"注册成功"}, 实际结果是：{'status': 1, 'code': '10001', 'data': None, 'msg': '注册成功'},测试通过
 Tue, 10 Mar 2020 15:45:22  INFO http_request.py request [ line:56 ] 正在发送请求，请求地址：http://118.24.221.133:8081/futureloan/mvc/api/member/register， 请求参数：{'mobilephone': '18967137956', 'pwd': '1234567', 'regname': 'user1'}
 Tue, 10 Mar 2020 15:45:22  INFO test_register1.py test_register [ line:94 ] 预期结果是：{"status":1,  "code":"10001", "data":None, "msg":"注册成功"}, 实际结果是：{'status': 1, 'code': '10001', 'data': None, 'msg': '注册成功'},测试通过
 Tue, 10 Mar 2020 15:45:23  INFO http_request.py request [ line:56 ] 正在发送请求，请求地址：http://118.24.221.133:8081/futureloan/mvc/api/member/register， 请求参数：{'mobilephone': '19909397517', 'pwd': '1234567', 'regname': 'user1'}
 Tue, 10 Mar 2020 15:45:23  ERROR test_register1.py test_register [ line:90 ] {'status': 1, 'code': '10001', 'data': None, 'msg': '注册成功'} != {'status': 0, 'code': '20109', 'data': None, 'msg': '手机号码格式不正确'}
- {'code': '10001', 'data': None, 'msg': '注册成功', 'status': 1}
?             ^^^                         ^^^^             ^

+ {'code': '20109', 'data': None, 'msg': '手机号码格式不正确', 'status': 0}
?           ++  ^                         ^^^^^^^^^             ^
Traceback (most recent call last):
  File "/Users/huangjie/学习/untitled7/test_cases/test_register1.py", line 87, in test_register
    self.assertEqual(eval(case.expected_data), res)
  File "/Library/Frameworks/Python.framework/Versions/3.7/lib/python3.7/unittest/case.py", line 852, in assertEqual
    assertion_func(first, second, msg=msg)
  File "/Library/Frameworks/Python.framework/Versions/3.7/lib/python3.7/unittest/case.py", line 1151, in assertDictEqual
    self.fail(self._formatMessage(msg, standardMsg))
  File "/Library/Frameworks/Python.framework/Versions/3.7/lib/python3.7/unittest/case.py", line 693, in fail
    raise self.failureException(msg)
AssertionError: {'status': 1, 'code': '10001', 'data': None, 'msg': '注册成功'} != {'status': 0, 'code': '20109', 'data': None, 'msg': '手机号码格式不正确'}
- {'code': '10001', 'data': None, 'msg': '注册成功', 'status': 1}
?             ^^^                         ^^^^             ^

+ {'code': '20109', 'data': None, 'msg': '手机号码格式不正确', 'status': 0}
?           ++  ^                         ^^^^^^^^^             ^

 Tue, 10 Mar 2020 15:45:23  INFO http_request.py request [ line:56 ] 正在发送请求，请求地址：http://118.24.221.133:8081/futureloan/mvc/api/member/register， 请求参数：{'mobilephone': '13060154086', 'pwd': '1234567', 'regname': 'user1'}
 Tue, 10 Mar 2020 15:45:23  INFO test_register1.py test_register [ line:94 ] 预期结果是：{"status":1,  "code":"10001", "data":None, "msg":"注册成功"}, 实际结果是：{'status': 1, 'code': '10001', 'data': None, 'msg': '注册成功'},测试通过
 Tue, 10 Mar 2020 15:45:24  INFO http_request.py request [ line:56 ] 正在发送请求，请求地址：http://118.24.221.133:8081/futureloan/mvc/api/member/register， 请求参数：{'mobilephone': '13134183797', 'pwd': '1234567', 'regname': 'user1'}
 Tue, 10 Mar 2020 15:45:24  INFO test_register1.py test_register [ line:94 ] 预期结果是：{"status":1,  "code":"10001", "data":None, "msg":"注册成功"}, 实际结果是：{'status': 1, 'code': '10001', 'data': None, 'msg': '注册成功'},测试通过
 Tue, 10 Mar 2020 15:45:24  INFO http_request.py request [ line:56 ] 正在发送请求，请求地址：http://118.24.221.133:8081/futureloan/mvc/api/member/register， 请求参数：{'mobilephone': '13225792568', 'pwd': '1234567', 'regname': 'user1'}
 Tue, 10 Mar 2020 15:45:24  INFO test_register1.py test_register [ line:94 ] 预期结果是：{"status":1,  "code":"10001", "data":None, "msg":"注册成功"}, 实际结果是：{'status': 1, 'code': '10001', 'data': None, 'msg': '注册成功'},测试通过
 Tue, 10 Mar 2020 15:45:25  INFO http_request.py request [ line:56 ] 正在发送请求，请求地址：http://118.24.221.133:8081/futureloan/mvc/api/member/register， 请求参数：{'mobilephone': '14506382250', 'pwd': '1234567', 'regname': 'user1'}
 Tue, 10 Mar 2020 15:45:25  INFO test_register1.py test_register [ line:94 ] 预期结果是：{"status":1,  "code":"10001", "data":None, "msg":"注册成功"}, 实际结果是：{'status': 1, 'code': '10001', 'data': None, 'msg': '注册成功'},测试通过
 Tue, 10 Mar 2020 15:45:25  INFO http_request.py request [ line:56 ] 正在发送请求，请求地址：http://118.24.221.133:8081/futureloan/mvc/api/member/register， 请求参数：{'mobilephone': '15508650360', 'pwd': '1234567', 'regname': 'user1'}
 Tue, 10 Mar 2020 15:45:25  INFO test_register1.py test_register [ line:94 ] 预期结果是：{"status":1,  "code":"10001", "data":None, "msg":"注册成功"}, 实际结果是：{'status': 1, 'code': '10001', 'data': None, 'msg': '注册成功'},测试通过
 Tue, 10 Mar 2020 15:45:26  INFO http_request.py request [ line:56 ] 正在发送请求，请求地址：http://118.24.221.133:8081/futureloan/mvc/api/member/register， 请求参数：{'mobilephone': '15651418566', 'pwd': '1234567', 'regname': 'user1'}
 Tue, 10 Mar 2020 15:45:26  INFO test_register1.py test_register [ line:94 ] 预期结果是：{"status":1,  "code":"10001", "data":None, "msg":"注册成功"}, 实际结果是：{'status': 1, 'code': '10001', 'data': None, 'msg': '注册成功'},测试通过
 Tue, 10 Mar 2020 15:45:26  INFO http_request.py request [ line:56 ] 正在发送请求，请求地址：http://118.24.221.133:8081/futureloan/mvc/api/member/register， 请求参数：{'mobilephone': '16652133272', 'pwd': '1234567', 'regname': 'user1'}
 Tue, 10 Mar 2020 15:45:26  ERROR test_register1.py test_register [ line:90 ] {'status': 1, 'code': '10001', 'data': None, 'msg': '注册成功'} != {'status': 0, 'code': '20109', 'data': None, 'msg': '手机号码格式不正确'}
- {'code': '10001', 'data': None, 'msg': '注册成功', 'status': 1}
?             ^^^                         ^^^^             ^

+ {'code': '20109', 'data': None, 'msg': '手机号码格式不正确', 'status': 0}
?           ++  ^                         ^^^^^^^^^             ^
Traceback (most recent call last):
  File "/Users/huangjie/学习/untitled7/test_cases/test_register1.py", line 87, in test_register
    self.assertEqual(eval(case.expected_data), res)
  File "/Library/Frameworks/Python.framework/Versions/3.7/lib/python3.7/unittest/case.py", line 852, in assertEqual
    assertion_func(first, second, msg=msg)
  File "/Library/Frameworks/Python.framework/Versions/3.7/lib/python3.7/unittest/case.py", line 1151, in assertDictEqual
    self.fail(self._formatMessage(msg, standardMsg))
  File "/Library/Frameworks/Python.framework/Versions/3.7/lib/python3.7/unittest/case.py", line 693, in fail
    raise self.failureException(msg)
AssertionError: {'status': 1, 'code': '10001', 'data': None, 'msg': '注册成功'} != {'status': 0, 'code': '20109', 'data': None, 'msg': '手机号码格式不正确'}
- {'code': '10001', 'data': None, 'msg': '注册成功', 'status': 1}
?             ^^^                         ^^^^             ^

+ {'code': '20109', 'data': None, 'msg': '手机号码格式不正确', 'status': 0}
?           ++  ^                         ^^^^^^^^^             ^

 Tue, 10 Mar 2020 15:45:27  INFO http_request.py request [ line:56 ] 正在发送请求，请求地址：http://118.24.221.133:8081/futureloan/mvc/api/member/register， 请求参数：{'mobilephone': '17137954890', 'pwd': '1234567', 'regname': 'user1'}
 Tue, 10 Mar 2020 15:45:27  ERROR test_register1.py test_register [ line:90 ] {'status': 1, 'code': '10001', 'data': None, 'msg': '注册成功'} != {'status': 0, 'code': '20109', 'data': None, 'msg': '手机号码格式不正确'}
- {'code': '10001', 'data': None, 'msg': '注册成功', 'status': 1}
?             ^^^                         ^^^^             ^

+ {'code': '20109', 'data': None, 'msg': '手机号码格式不正确', 'status': 0}
?           ++  ^                         ^^^^^^^^^             ^
Traceback (most recent call last):
  File "/Users/huangjie/学习/untitled7/test_cases/test_register1.py", line 87, in test_register
    self.assertEqual(eval(case.expected_data), res)
  File "/Library/Frameworks/Python.framework/Versions/3.7/lib/python3.7/unittest/case.py", line 852, in assertEqual
    assertion_func(first, second, msg=msg)
  File "/Library/Frameworks/Python.framework/Versions/3.7/lib/python3.7/unittest/case.py", line 1151, in assertDictEqual
    self.fail(self._formatMessage(msg, standardMsg))
  File "/Library/Frameworks/Python.framework/Versions/3.7/lib/python3.7/unittest/case.py", line 693, in fail
    raise self.failureException(msg)
AssertionError: {'status': 1, 'code': '10001', 'data': None, 'msg': '注册成功'} != {'status': 0, 'code': '20109', 'data': None, 'msg': '手机号码格式不正确'}
- {'code': '10001', 'data': None, 'msg': '注册成功', 'status': 1}
?             ^^^                         ^^^^             ^

+ {'code': '20109', 'data': None, 'msg': '手机号码格式不正确', 'status': 0}
?           ++  ^                         ^^^^^^^^^             ^

 Tue, 10 Mar 2020 15:45:27  INFO http_request.py request [ line:56 ] 正在发送请求，请求地址：http://118.24.221.133:8081/futureloan/mvc/api/member/register， 请求参数：{'mobilephone': '17591791053', 'pwd': '1234567', 'regname': 'user1'}
 Tue, 10 Mar 2020 15:45:27  ERROR test_register1.py test_register [ line:90 ] {'status': 1, 'code': '10001', 'data': None, 'msg': '注册成功'} != {'status': 0, 'code': '20109', 'data': None, 'msg': '手机号码格式不正确'}
- {'code': '10001', 'data': None, 'msg': '注册成功', 'status': 1}
?             ^^^                         ^^^^             ^

+ {'code': '20109', 'data': None, 'msg': '手机号码格式不正确', 'status': 0}
?           ++  ^                         ^^^^^^^^^             ^
Traceback (most recent call last):
  File "/Users/huangjie/学习/untitled7/test_cases/test_register1.py", line 87, in test_register
    self.assertEqual(eval(case.expected_data), res)
  File "/Library/Frameworks/Python.framework/Versions/3.7/lib/python3.7/unittest/case.py", line 852, in assertEqual
    assertion_func(first, second, msg=msg)
  File "/Library/Frameworks/Python.framework/Versions/3.7/lib/python3.7/unittest/case.py", line 1151, in assertDictEqual
    self.fail(self._formatMessage(msg, standardMsg))
  File "/Library/Frameworks/Python.framework/Versions/3.7/lib/python3.7/unittest/case.py", line 693, in fail
    raise self.failureException(msg)
AssertionError: {'status': 1, 'code': '10001', 'data': None, 'msg': '注册成功'} != {'status': 0, 'code': '20109', 'data': None, 'msg': '手机号码格式不正确'}
- {'code': '10001', 'data': None, 'msg': '注册成功', 'status': 1}
?             ^^^                         ^^^^             ^

+ {'code': '20109', 'data': None, 'msg': '手机号码格式不正确', 'status': 0}
?           ++  ^                         ^^^^^^^^^             ^

 Tue, 10 Mar 2020 15:45:28  INFO http_request.py request [ line:56 ] 正在发送请求，请求地址：http://118.24.221.133:8081/futureloan/mvc/api/member/register， 请求参数：{'mobilephone': '17616719474', 'pwd': '1234567', 'regname': 'user1'}
 Tue, 10 Mar 2020 15:45:28  INFO test_register1.py test_register [ line:94 ] 预期结果是：{"status":1,  "code":"10001", "data":None, "msg":"注册成功"}, 实际结果是：{'status': 1, 'code': '10001', 'data': None, 'msg': '注册成功'},测试通过
 Tue, 10 Mar 2020 15:45:28  INFO http_request.py request [ line:56 ] 正在发送请求，请求地址：http://118.24.221.133:8081/futureloan/mvc/api/member/register， 请求参数：{'mobilephone': '18546643398', 'pwd': '1234567', 'regname': 'user1'}
 Tue, 10 Mar 2020 15:45:28  INFO test_register1.py test_register [ line:94 ] 预期结果是：{"status":1,  "code":"10001", "data":None, "msg":"注册成功"}, 实际结果是：{'status': 1, 'code': '10001', 'data': None, 'msg': '注册成功'},测试通过
 Tue, 10 Mar 2020 15:45:29  INFO http_request.py request [ line:56 ] 正在发送请求，请求地址：http://118.24.221.133:8081/futureloan/mvc/api/member/register， 请求参数：{'mobilephone': '18676890448', 'pwd': '1234567', 'regname': 'user1'}
 Tue, 10 Mar 2020 15:45:29  INFO test_register1.py test_register [ line:94 ] 预期结果是：{"status":1,  "code":"10001", "data":None, "msg":"注册成功"}, 实际结果是：{'status': 1, 'code': '10001', 'data': None, 'msg': '注册成功'},测试通过
 Tue, 10 Mar 2020 15:45:29  INFO http_request.py request [ line:56 ] 正在发送请求，请求地址：http://118.24.221.133:8081/futureloan/mvc/api/member/register， 请求参数：{'mobilephone': '16639034948', 'pwd': '1234567', 'regname': 'user1'}
 Tue, 10 Mar 2020 15:45:29  ERROR test_register1.py test_register [ line:90 ] {'status': 1, 'code': '10001', 'data': None, 'msg': '注册成功'} != {'status': 0, 'code': '20109', 'data': None, 'msg': '手机号码格式不正确'}
- {'code': '10001', 'data': None, 'msg': '注册成功', 'status': 1}
?             ^^^                         ^^^^             ^

+ {'code': '20109', 'data': None, 'msg': '手机号码格式不正确', 'status': 0}
?           ++  ^                         ^^^^^^^^^             ^
Traceback (most recent call last):
  File "/Users/huangjie/学习/untitled7/test_cases/test_register1.py", line 87, in test_register
    self.assertEqual(eval(case.expected_data), res)
  File "/Library/Frameworks/Python.framework/Versions/3.7/lib/python3.7/unittest/case.py", line 852, in assertEqual
    assertion_func(first, second, msg=msg)
  File "/Library/Frameworks/Python.framework/Versions/3.7/lib/python3.7/unittest/case.py", line 1151, in assertDictEqual
    self.fail(self._formatMessage(msg, standardMsg))
  File "/Library/Frameworks/Python.framework/Versions/3.7/lib/python3.7/unittest/case.py", line 693, in fail
    raise self.failureException(msg)
AssertionError: {'status': 1, 'code': '10001', 'data': None, 'msg': '注册成功'} != {'status': 0, 'code': '20109', 'data': None, 'msg': '手机号码格式不正确'}
- {'code': '10001', 'data': None, 'msg': '注册成功', 'status': 1}
?             ^^^                         ^^^^             ^

+ {'code': '20109', 'data': None, 'msg': '手机号码格式不正确', 'status': 0}
?           ++  ^                         ^^^^^^^^^             ^

 Tue, 10 Mar 2020 15:45:30  INFO http_request.py request [ line:56 ] 正在发送请求，请求地址：http://118.24.221.133:8081/futureloan/mvc/api/member/register， 请求参数：{'mobilephone': '13474636356', 'pwd': '1234567', 'regname': 'user1'}
 Tue, 10 Mar 2020 15:45:30  INFO test_register1.py test_register [ line:94 ] 预期结果是：{"status":1,  "code":"10001", "data":None, "msg":"注册成功"}, 实际结果是：{'status': 1, 'code': '10001', 'data': None, 'msg': '注册成功'},测试通过
 Tue, 10 Mar 2020 15:45:30  INFO http_request.py request [ line:56 ] 正在发送请求，请求地址：http://118.24.221.133:8081/futureloan/mvc/api/member/register， 请求参数：{'mobilephone': '13568601293', 'pwd': '1234567', 'regname': 'user1'}
 Tue, 10 Mar 2020 15:45:30  INFO test_register1.py test_register [ line:94 ] 预期结果是：{"status":1,  "code":"10001", "data":None, "msg":"注册成功"}, 实际结果是：{'status': 1, 'code': '10001', 'data': None, 'msg': '注册成功'},测试通过
 Tue, 10 Mar 2020 15:45:31  INFO http_request.py request [ line:56 ] 正在发送请求，请求地址：http://118.24.221.133:8081/futureloan/mvc/api/member/register， 请求参数：{'mobilephone': '13688923360', 'pwd': '1234567', 'regname': 'user2'}
 Tue, 10 Mar 2020 15:45:31  INFO test_register1.py test_register [ line:94 ] 预期结果是：{"status":1,  "code":"10001", "data":None, "msg":"注册成功"}, 实际结果是：{'status': 1, 'code': '10001', 'data': None, 'msg': '注册成功'},测试通过
 Tue, 10 Mar 2020 15:45:31  INFO http_request.py request [ line:56 ] 正在发送请求，请求地址：http://118.24.221.133:8081/futureloan/mvc/api/member/register， 请求参数：{'mobilephone': '13706202972', 'pwd': '1234567', 'regname': 'user2'}
 Tue, 10 Mar 2020 15:45:31  INFO test_register1.py test_register [ line:94 ] 预期结果是：{"status":1,  "code":"10001", "data":None, "msg":"注册成功"}, 实际结果是：{'status': 1, 'code': '10001', 'data': None, 'msg': '注册成功'},测试通过
 Tue, 10 Mar 2020 15:45:32  INFO http_request.py request [ line:56 ] 正在发送请求，请求地址：http://118.24.221.133:8081/futureloan/mvc/api/member/register， 请求参数：{'mobilephone': '13810565954', 'pwd': '1234567', 'regname': 'user3'}
 Tue, 10 Mar 2020 15:45:32  INFO test_register1.py test_register [ line:94 ] 预期结果是：{"status":1,  "code":"10001", "data":None, "msg":"注册成功"}, 实际结果是：{'status': 1, 'code': '10001', 'data': None, 'msg': '注册成功'},测试通过
 Tue, 10 Mar 2020 15:45:32  INFO http_request.py request [ line:56 ] 正在发送请求，请求地址：http://118.24.221.133:8081/futureloan/mvc/api/member/register， 请求参数：{'mobilephone': '13975242439', 'pwd': '1234567', 'regname': 'user3'}
 Tue, 10 Mar 2020 15:45:32  INFO test_register1.py test_register [ line:94 ] 预期结果是：{"status":1,  "code":"10001", "data":None, "msg":"注册成功"}, 实际结果是：{'status': 1, 'code': '10001', 'data': None, 'msg': '注册成功'},测试通过
 Tue, 10 Mar 2020 15:45:33  INFO http_request.py request [ line:56 ] 正在发送请求，请求地址：http://118.24.221.133:8081/futureloan/mvc/api/member/register， 请求参数：{'mobilephone': '14739097621', 'pwd': '1234567', 'regname': 'user4'}
 Tue, 10 Mar 2020 15:45:33  INFO test_register1.py test_register [ line:94 ] 预期结果是：{"status":1,  "code":"10001", "data":None, "msg":"注册成功"}, 实际结果是：{'status': 1, 'code': '10001', 'data': None, 'msg': '注册成功'},测试通过
 Tue, 10 Mar 2020 15:45:33  INFO http_request.py request [ line:56 ] 正在发送请求，请求地址：http://118.24.221.133:8081/futureloan/mvc/api/member/register， 请求参数：{'mobilephone': '15080472444', 'pwd': '1234567', 'regname': 'user4'}
 Tue, 10 Mar 2020 15:45:34  INFO test_register1.py test_register [ line:94 ] 预期结果是：{"status":1,  "code":"10001", "data":None, "msg":"注册成功"}, 实际结果是：{'status': 1, 'code': '10001', 'data': None, 'msg': '注册成功'},测试通过
 Tue, 10 Mar 2020 15:45:34  INFO http_request.py request [ line:56 ] 正在发送请求，请求地址：http://118.24.221.133:8081/futureloan/mvc/api/member/register， 请求参数：{'mobilephone': '15114382501', 'pwd': '1234567', 'regname': 'user5'}
 Tue, 10 Mar 2020 15:45:34  INFO test_register1.py test_register [ line:94 ] 预期结果是：{"status":1,  "code":"10001", "data":None, "msg":"注册成功"}, 实际结果是：{'status': 1, 'code': '10001', 'data': None, 'msg': '注册成功'},测试通过
 Tue, 10 Mar 2020 15:45:34  INFO http_request.py request [ line:56 ] 正在发送请求，请求地址：http://118.24.221.133:8081/futureloan/mvc/api/member/register， 请求参数：{'mobilephone': '15212255259', 'pwd': '1234567', 'regname': 'user5'}
 Tue, 10 Mar 2020 15:45:35  INFO test_register1.py test_register [ line:94 ] 预期结果是：{"status":1,  "code":"10001", "data":None, "msg":"注册成功"}, 实际结果是：{'status': 1, 'code': '10001', 'data': None, 'msg': '注册成功'},测试通过
 Tue, 10 Mar 2020 15:45:35  INFO http_request.py request [ line:56 ] 正在发送请求，请求地址：http://118.24.221.133:8081/futureloan/mvc/api/member/register， 请求参数：{'mobilephone': '15736912466', 'pwd': '1234567', 'regname': 'user6'}
 Tue, 10 Mar 2020 15:45:35  INFO test_register1.py test_register [ line:94 ] 预期结果是：{"status":1,  "code":"10001", "data":None, "msg":"注册成功"}, 实际结果是：{'status': 1, 'code': '10001', 'data': None, 'msg': '注册成功'},测试通过
 Tue, 10 Mar 2020 15:45:35  INFO http_request.py request [ line:56 ] 正在发送请求，请求地址：http://118.24.221.133:8081/futureloan/mvc/api/member/register， 请求参数：{'mobilephone': '15879185563', 'pwd': '1234567', 'regname': 'user6'}
 Tue, 10 Mar 2020 15:45:36  INFO test_register1.py test_register [ line:94 ] 预期结果是：{"status":1,  "code":"10001", "data":None, "msg":"注册成功"}, 实际结果是：{'status': 1, 'code': '10001', 'data': None, 'msg': '注册成功'},测试通过
 Tue, 10 Mar 2020 15:45:36  INFO http_request.py request [ line:56 ] 正在发送请求，请求地址：http://118.24.221.133:8081/futureloan/mvc/api/member/register， 请求参数：{'mobilephone': '15941935461', 'pwd': '1234567', 'regname': 'user7'}
 Tue, 10 Mar 2020 15:45:36  INFO test_register1.py test_register [ line:94 ] 预期结果是：{"status":1,  "code":"10001", "data":None, "msg":"注册成功"}, 实际结果是：{'status': 1, 'code': '10001', 'data': None, 'msg': '注册成功'},测试通过
 Tue, 10 Mar 2020 15:45:36  INFO http_request.py request [ line:56 ] 正在发送请求，请求地址：http://118.24.221.133:8081/futureloan/mvc/api/member/register， 请求参数：{'mobilephone': '17290768010', 'pwd': '1234567', 'regname': 'user7'}
 Tue, 10 Mar 2020 15:45:37  ERROR test_register1.py test_register [ line:90 ] {'status': 1, 'code': '10001', 'data': None, 'msg': '注册成功'} != {'status': 0, 'code': '20109', 'data': None, 'msg': '手机号码格式不正确'}
- {'code': '10001', 'data': None, 'msg': '注册成功', 'status': 1}
?             ^^^                         ^^^^             ^

+ {'code': '20109', 'data': None, 'msg': '手机号码格式不正确', 'status': 0}
?           ++  ^                         ^^^^^^^^^             ^
Traceback (most recent call last):
  File "/Users/huangjie/学习/untitled7/test_cases/test_register1.py", line 87, in test_register
    self.assertEqual(eval(case.expected_data), res)
  File "/Library/Frameworks/Python.framework/Versions/3.7/lib/python3.7/unittest/case.py", line 852, in assertEqual
    assertion_func(first, second, msg=msg)
  File "/Library/Frameworks/Python.framework/Versions/3.7/lib/python3.7/unittest/case.py", line 1151, in assertDictEqual
    self.fail(self._formatMessage(msg, standardMsg))
  File "/Library/Frameworks/Python.framework/Versions/3.7/lib/python3.7/unittest/case.py", line 693, in fail
    raise self.failureException(msg)
AssertionError: {'status': 1, 'code': '10001', 'data': None, 'msg': '注册成功'} != {'status': 0, 'code': '20109', 'data': None, 'msg': '手机号码格式不正确'}
- {'code': '10001', 'data': None, 'msg': '注册成功', 'status': 1}
?             ^^^                         ^^^^             ^

+ {'code': '20109', 'data': None, 'msg': '手机号码格式不正确', 'status': 0}
?           ++  ^                         ^^^^^^^^^             ^

 Tue, 10 Mar 2020 15:45:37  INFO http_request.py request [ line:56 ] 正在发送请求，请求地址：http://118.24.221.133:8081/futureloan/mvc/api/member/register， 请求参数：{'mobilephone': '17867743295', 'pwd': '1234567', 'regname': 'user8'}
 Tue, 10 Mar 2020 15:45:37  INFO test_register1.py test_register [ line:94 ] 预期结果是：{"status":1,  "code":"10001", "data":None, "msg":"注册成功"}, 实际结果是：{'status': 1, 'code': '10001', 'data': None, 'msg': '注册成功'},测试通过
 Tue, 10 Mar 2020 15:45:37  INFO http_request.py request [ line:56 ] 正在发送请求，请求地址：http://118.24.221.133:8081/futureloan/mvc/api/member/register， 请求参数：{'mobilephone': '18257018021', 'pwd': '1234567', 'regname': 'user8'}
 Tue, 10 Mar 2020 15:45:38  INFO test_register1.py test_register [ line:94 ] 预期结果是：{"status":1,  "code":"10001", "data":None, "msg":"注册成功"}, 实际结果是：{'status': 1, 'code': '10001', 'data': None, 'msg': '注册成功'},测试通过
 Tue, 10 Mar 2020 15:45:38  INFO http_request.py request [ line:56 ] 正在发送请求，请求地址：http://118.24.221.133:8081/futureloan/mvc/api/member/register， 请求参数：{'mobilephone': '18385356808', 'pwd': '1234567', 'regname': 'user9'}
 Tue, 10 Mar 2020 15:45:38  INFO test_register1.py test_register [ line:94 ] 预期结果是：{"status":1,  "code":"10001", "data":None, "msg":"注册成功"}, 实际结果是：{'status': 1, 'code': '10001', 'data': None, 'msg': '注册成功'},测试通过
 Tue, 10 Mar 2020 15:45:39  INFO http_request.py request [ line:56 ] 正在发送请求，请求地址：http://118.24.221.133:8081/futureloan/mvc/api/member/register， 请求参数：{'mobilephone': '18422309935', 'pwd': '1234567', 'regname': 'user9'}
 Tue, 10 Mar 2020 15:45:39  INFO test_register1.py test_register [ line:94 ] 预期结果是：{"status":1,  "code":"10001", "data":None, "msg":"注册成功"}, 实际结果是：{'status': 1, 'code': '10001', 'data': None, 'msg': '注册成功'},测试通过
 Tue, 10 Mar 2020 15:45:39  INFO http_request.py request [ line:56 ] 正在发送请求，请求地址：http://118.24.221.133:8081/futureloan/mvc/api/member/register， 请求参数：{'mobilephone': '18713781546', 'pwd': '1234567', 'regname': 'user8'}
 Tue, 10 Mar 2020 15:45:39  INFO test_register1.py test_register [ line:94 ] 预期结果是：{"status":1,  "code":"10001", "data":None, "msg":"注册成功"}, 实际结果是：{'status': 1, 'code': '10001', 'data': None, 'msg': '注册成功'},测试通过
 Tue, 10 Mar 2020 15:45:40  INFO http_request.py request [ line:56 ] 正在发送请求，请求地址：http://118.24.221.133:8081/futureloan/mvc/api/member/register， 请求参数：{'mobilephone': '18829533599', 'pwd': '1234567', 'regname': 'user9'}
 Tue, 10 Mar 2020 15:45:40  INFO test_register1.py test_register [ line:94 ] 预期结果是：{"status":1,  "code":"10001", "data":None, "msg":"注册成功"}, 实际结果是：{'status': 1, 'code': '10001', 'data': None, 'msg': '注册成功'},测试通过
 Tue, 10 Mar 2020 15:45:40  INFO http_request.py request [ line:56 ] 正在发送请求，请求地址：http://118.24.221.133:8081/futureloan/mvc/api/member/register， 请求参数：{'mobilephone': '18943428645', 'pwd': '1234567', 'regname': 'user9'}
 Tue, 10 Mar 2020 15:45:40  INFO test_register1.py test_register [ line:94 ] 预期结果是：{"status":1,  "code":"10001", "data":None, "msg":"注册成功"}, 实际结果是：{'status': 1, 'code': '10001', 'data': None, 'msg': '注册成功'},测试通过
 Tue, 10 Mar 2020 15:45:41  INFO http_request.py request [ line:56 ] 正在发送请求，请求地址：http://118.24.221.133:8081/futureloan/mvc/api/member/register， 请求参数：{'mobilephone': '19271917069', 'pwd': '1234567', 'regname': 'user9'}
 Tue, 10 Mar 2020 15:45:41  ERROR test_register1.py test_register [ line:90 ] {'status': 1, 'code': '10001', 'data': None, 'msg': '注册成功'} != {'status': 0, 'code': '20109', 'data': None, 'msg': '手机号码格式不正确'}
- {'code': '10001', 'data': None, 'msg': '注册成功', 'status': 1}
?             ^^^                         ^^^^             ^

+ {'code': '20109', 'data': None, 'msg': '手机号码格式不正确', 'status': 0}
?           ++  ^                         ^^^^^^^^^             ^
Traceback (most recent call last):
  File "/Users/huangjie/学习/untitled7/test_cases/test_register1.py", line 87, in test_register
    self.assertEqual(eval(case.expected_data), res)
  File "/Library/Frameworks/Python.framework/Versions/3.7/lib/python3.7/unittest/case.py", line 852, in assertEqual
    assertion_func(first, second, msg=msg)
  File "/Library/Frameworks/Python.framework/Versions/3.7/lib/python3.7/unittest/case.py", line 1151, in assertDictEqual
    self.fail(self._formatMessage(msg, standardMsg))
  File "/Library/Frameworks/Python.framework/Versions/3.7/lib/python3.7/unittest/case.py", line 693, in fail
    raise self.failureException(msg)
AssertionError: {'status': 1, 'code': '10001', 'data': None, 'msg': '注册成功'} != {'status': 0, 'code': '20109', 'data': None, 'msg': '手机号码格式不正确'}
- {'code': '10001', 'data': None, 'msg': '注册成功', 'status': 1}
?             ^^^                         ^^^^             ^

+ {'code': '20109', 'data': None, 'msg': '手机号码格式不正确', 'status': 0}
?           ++  ^                         ^^^^^^^^^             ^

 Tue, 10 Mar 2020 15:45:41  INFO http_request.py request [ line:56 ] 正在发送请求，请求地址：http://118.24.221.133:8081/futureloan/mvc/api/member/register， 请求参数：{'mobilephone': '13941387738', 'pwd': '1234567', 'regname': 'user2'}
 Tue, 10 Mar 2020 15:45:41  INFO test_register1.py test_register [ line:94 ] 预期结果是：{"status":0,  "code":"20110", "data":None, "msg":"手机号码已被注册"}, 实际结果是：{'status': 0, 'code': '20110', 'data': None, 'msg': '手机号码已被注册'},测试通过
 Tue, 10 Mar 2020 15:45:42  INFO http_request.py request [ line:56 ] 正在发送请求，请求地址：http://118.24.221.133:8081/futureloan/mvc/api/member/register， 请求参数：{'mobilephone': '', 'pwd': '1234567', 'regname': 'user2'}
 Tue, 10 Mar 2020 15:45:42  INFO test_register1.py test_register [ line:94 ] 预期结果是：{'status': 0, 'code': '20103', 'data': None, 'msg': '手机号不能为空'}, 实际结果是：{'status': 0, 'code': '20103', 'data': None, 'msg': '手机号不能为空'},测试通过
 Tue, 10 Mar 2020 15:45:42  INFO http_request.py request [ line:56 ] 正在发送请求，请求地址：http://118.24.221.133:8081/futureloan/mvc/api/member/register， 请求参数：{'mobilephone': '13070932592', 'pwd': '', 'regname': 'user2'}
 Tue, 10 Mar 2020 15:45:42  INFO test_register1.py test_register [ line:94 ] 预期结果是：{'status': 0, 'code': '20103', 'data': None, 'msg': '密码不能为空'}, 实际结果是：{'status': 0, 'code': '20103', 'data': None, 'msg': '密码不能为空'},测试通过
 Tue, 10 Mar 2020 15:45:43  INFO http_request.py request [ line:56 ] 正在发送请求，请求地址：http://118.24.221.133:8081/futureloan/mvc/api/member/register， 请求参数：{'mobilephone': '18261502556', 'pwd': '123', 'regname': 'user3'}
 Tue, 10 Mar 2020 15:45:43  INFO test_register1.py test_register [ line:94 ] 预期结果是：{"status":0,  "code":"20108", "data":None, "msg":"密码长度必须为6~18"}, 实际结果是：{'status': 0, 'code': '20108', 'data': None, 'msg': '密码长度必须为6~18'},测试通过
 Tue, 10 Mar 2020 15:45:43  INFO http_request.py request [ line:56 ] 正在发送请求，请求地址：http://118.24.221.133:8081/futureloan/mvc/api/member/register， 请求参数：{'mobilephone': '1389087', 'pwd': '1234567', 'regname': 'user3'}
 Tue, 10 Mar 2020 15:45:43  INFO test_register1.py test_register [ line:94 ] 预期结果是：{"status":0,  "code":"20109", "data":None, "msg":"手机号码格式不正确"}, 实际结果是：{'status': 0, 'code': '20109', 'data': None, 'msg': '手机号码格式不正确'},测试通过
 Tue, 10 Mar 2020 15:45:44  INFO http_request.py request [ line:56 ] 正在发送请求，请求地址：http://118.24.221.133:8081/futureloan/mvc/api/member/register， 请求参数：{'mobilephone': '18304526188', 'pwd': '哈哈', 'regname': 'user3'}
 Tue, 10 Mar 2020 15:45:44  INFO test_register1.py test_register [ line:94 ] 预期结果是：{'status': 0, 'code': '20108', 'data': None, 'msg': '密码长度必须为6~18'}, 实际结果是：{'status': 0, 'code': '20108', 'data': None, 'msg': '密码长度必须为6~18'},测试通过
 Tue, 10 Mar 2020 15:45:44  INFO test_register1.py tearDownClass [ line:61 ] ==================== 注册接口测试执行完毕====================
 Tue, 10 Mar 2020 15:45:44  INFO test_withdraw.py setUpClass [ line:40 ] ==================== 准备开始执行登录接口测试 ====================
 Tue, 10 Mar 2020 15:45:44  INFO http_request.py request [ line:56 ] 正在发送请求，请求地址：http://118.24.221.133:8081/futureloan/mvc/api/member/login， 请求参数：{'mobilephone': '13941387738', 'pwd': '1234567'}
 Tue, 10 Mar 2020 15:45:45  INFO test_withdraw.py test_login [ line:81 ] 预期结果是：{"status":1,  "code":"10001", "data":None, "msg":"登录成功"}, 实际结果是：{'status': 1, 'code': '10001', 'data': None, 'msg': '登录成功'},测试通过
 Tue, 10 Mar 2020 15:45:45  INFO http_request.py request [ line:56 ] 正在发送请求，请求地址：http://118.24.221.133:8081/futureloan/mvc/api/member/withdraw， 请求参数：{'mobilephone': '13941387738', 'pwd': '1234567'}
 Tue, 10 Mar 2020 15:45:45  ERROR test_withdraw.py test_login [ line:77 ] {'status': 1, 'code': '10001', 'data': None, 'msg': '登录成功'} != {'status': 0, 'code': '20115', 'data': None, 'msg': '请输入金额'}
- {'code': '10001', 'data': None, 'msg': '登录成功', 'status': 1}
?           ^^^                           ^^^^             ^

+ {'code': '20115', 'data': None, 'msg': '请输入金额', 'status': 0}
?           ^  ++                         ^^^^^             ^
Traceback (most recent call last):
  File "/Users/huangjie/学习/untitled7/test_cases/test_withdraw.py", line 74, in test_login
    self.assertEqual(eval(case.expected_data), res)
  File "/Library/Frameworks/Python.framework/Versions/3.7/lib/python3.7/unittest/case.py", line 852, in assertEqual
    assertion_func(first, second, msg=msg)
  File "/Library/Frameworks/Python.framework/Versions/3.7/lib/python3.7/unittest/case.py", line 1151, in assertDictEqual
    self.fail(self._formatMessage(msg, standardMsg))
  File "/Library/Frameworks/Python.framework/Versions/3.7/lib/python3.7/unittest/case.py", line 693, in fail
    raise self.failureException(msg)
AssertionError: {'status': 1, 'code': '10001', 'data': None, 'msg': '登录成功'} != {'status': 0, 'code': '20115', 'data': None, 'msg': '请输入金额'}
- {'code': '10001', 'data': None, 'msg': '登录成功', 'status': 1}
?           ^^^                           ^^^^             ^

+ {'code': '20115', 'data': None, 'msg': '请输入金额', 'status': 0}
?           ^  ++                         ^^^^^             ^

 Tue, 10 Mar 2020 15:45:46  INFO http_request.py request [ line:56 ] 正在发送请求，请求地址：http://118.24.221.133:8081/futureloan/mvc/api/member/withdraw， 请求参数：{'mobilephone': '32423', 'pwd': '1234568'}
 Tue, 10 Mar 2020 15:45:46  ERROR test_withdraw.py test_login [ line:77 ] {'status': 0, 'code': '20111', 'data': None, 'msg': '用户名或密码错误'} != {'status': 0, 'code': '20109', 'data': None, 'msg': '手机号码格式不正确'}
- {'code': '20111', 'data': None, 'msg': '用户名或密码错误', 'status': 0}
?              ^^                         ^^^^^ ^^

+ {'code': '20109', 'data': None, 'msg': '手机号码格式不正确', 'status': 0}
?              ^^                         ^^^ ^^^^^
Traceback (most recent call last):
  File "/Users/huangjie/学习/untitled7/test_cases/test_withdraw.py", line 74, in test_login
    self.assertEqual(eval(case.expected_data), res)
  File "/Library/Frameworks/Python.framework/Versions/3.7/lib/python3.7/unittest/case.py", line 852, in assertEqual
    assertion_func(first, second, msg=msg)
  File "/Library/Frameworks/Python.framework/Versions/3.7/lib/python3.7/unittest/case.py", line 1151, in assertDictEqual
    self.fail(self._formatMessage(msg, standardMsg))
  File "/Library/Frameworks/Python.framework/Versions/3.7/lib/python3.7/unittest/case.py", line 693, in fail
    raise self.failureException(msg)
AssertionError: {'status': 0, 'code': '20111', 'data': None, 'msg': '用户名或密码错误'} != {'status': 0, 'code': '20109', 'data': None, 'msg': '手机号码格式不正确'}
- {'code': '20111', 'data': None, 'msg': '用户名或密码错误', 'status': 0}
?              ^^                         ^^^^^ ^^

+ {'code': '20109', 'data': None, 'msg': '手机号码格式不正确', 'status': 0}
?              ^^                         ^^^ ^^^^^

 Tue, 10 Mar 2020 15:45:46  INFO http_request.py request [ line:56 ] 正在发送请求，请求地址：http://118.24.221.133:8081/futureloan/mvc/api/member/withdraw， 请求参数：{'mobilephone': '13941387738', 'amount': '1'}
 Tue, 10 Mar 2020 15:45:47  INFO test_withdraw.py test_login [ line:81 ] 预期结果是：{'status': 1, 'code': '10001', 'data': {'id': 1507, 'regname': 'user1', 'pwd': 'FCEA920F7412B5DA7BE0CF42B8C93759', 'mobilephone': '13941387738', 'leaveamount': '8582.00', 'type': '1', 'regtime': '2020-03-09 14:25:05.0'}, 'msg': '取现成功'}, 实际结果是：{'status': 1, 'code': '10001', 'data': {'id': 1507, 'regname': 'user1', 'pwd': 'FCEA920F7412B5DA7BE0CF42B8C93759', 'mobilephone': '13941387738', 'leaveamount': '8582.00', 'type': '1', 'regtime': '2020-03-09 14:25:05.0'}, 'msg': '取现成功'},测试通过
 Tue, 10 Mar 2020 15:45:47  INFO http_request.py request [ line:56 ] 正在发送请求，请求地址：http://118.24.221.133:8081/futureloan/mvc/api/member/withdraw， 请求参数：{'mobilephone': '13941387738', 'amount': '20.098'}
 Tue, 10 Mar 2020 15:45:47  INFO test_withdraw.py test_login [ line:81 ] 预期结果是：{'status': 0, 'code': '20116', 'data': None, 'msg': '输入金额的金额小数不能超过两位'}, 实际结果是：{'status': 0, 'code': '20116', 'data': None, 'msg': '输入金额的金额小数不能超过两位'},测试通过
 Tue, 10 Mar 2020 15:45:47  INFO http_request.py request [ line:56 ] 正在发送请求，请求地址：http://118.24.221.133:8081/futureloan/mvc/api/member/withdraw， 请求参数：{'mobilephone': '13941387738', 'amount': '-30'}
 Tue, 10 Mar 2020 15:45:48  INFO test_withdraw.py test_login [ line:81 ] 预期结果是：{'status': 0, 'code': '20117', 'data': None, 'msg': '请输入范围在0到50万之间的正数金额'}, 实际结果是：{'status': 0, 'code': '20117', 'data': None, 'msg': '请输入范围在0到50万之间的正数金额'},测试通过
 Tue, 10 Mar 2020 15:45:48  INFO http_request.py request [ line:56 ] 正在发送请求，请求地址：http://118.24.221.133:8081/futureloan/mvc/api/member/withdraw， 请求参数：{'mobilephone': '13941387738', 'amount': '哈哈'}
 Tue, 10 Mar 2020 15:45:48  INFO test_withdraw.py test_login [ line:81 ] 预期结果是：{'status': 0, 'code': '20118', 'data': None, 'msg': '请输入数字'}, 实际结果是：{'status': 0, 'code': '20118', 'data': None, 'msg': '请输入数字'},测试通过
 Tue, 10 Mar 2020 15:45:48  INFO http_request.py request [ line:56 ] 正在发送请求，请求地址：http://118.24.221.133:8081/futureloan/mvc/api/member/withdraw， 请求参数：{'mobilephone': '13941387738', 'amount': '5000000'}
 Tue, 10 Mar 2020 15:45:49  INFO test_withdraw.py test_login [ line:81 ] 预期结果是：{'status': 0, 'code': '20117', 'data': None, 'msg': '请输入范围在0到50万之间的正数金额'}, 实际结果是：{'status': 0, 'code': '20117', 'data': None, 'msg': '请输入范围在0到50万之间的正数金额'},测试通过
 Tue, 10 Mar 2020 15:45:49  INFO http_request.py request [ line:56 ] 正在发送请求，请求地址：http://118.24.221.133:8081/futureloan/mvc/api/member/withdraw， 请求参数：{'mobilephone': '13941387738', 'amount': '#amout'}
 Tue, 10 Mar 2020 15:45:49  INFO test_withdraw.py tearDownClass [ line:46 ] ==================== 登录接口测试执行完毕====================
