 Wed, 11 Mar 2020 11:35:14  INFO test_search.py setUpClass [ line:57 ] ==================== 准备开始执行查询接口测试 ====================
 Wed, 11 Mar 2020 11:35:14  INFO http_request.py request [ line:53 ] 正在发送请求，请求地址：http://144.34.200.237:8080/admin/login， 请求参数：{'password': '123456', 'username': 'ceshijiagoushi'}
 Wed, 11 Mar 2020 11:35:15  INFO http_request.py request [ line:59 ] 正在发送请求，请求地址：http://144.34.200.237:8080/order/list， 请求参数：None
 Wed, 11 Mar 2020 11:35:15  ERROR test_search.py test_search [ line:93 ] {'status': 1, 'code': '10001', 'data': None, 'msg': '登录成功'} != {'code': 401, 'data': 'Full authentication [61 chars]经过期'}
- {'code': '10001', 'data': None, 'msg': '登录成功', 'status': 1}
+ {'code': 401,
+  'data': 'Full authentication is required to access this resource',
+  'message': '暂未登录或token已经过期'}
Traceback (most recent call last):
  File "/Users/huangjie/学习/untitled7/test_cases/test_search.py", line 89, in test_search
    self.assertEqual(eval(case.expected_data), res)
  File "/Library/Frameworks/Python.framework/Versions/3.7/lib/python3.7/unittest/case.py", line 852, in assertEqual
    assertion_func(first, second, msg=msg)
  File "/Library/Frameworks/Python.framework/Versions/3.7/lib/python3.7/unittest/case.py", line 1151, in assertDictEqual
    self.fail(self._formatMessage(msg, standardMsg))
  File "/Library/Frameworks/Python.framework/Versions/3.7/lib/python3.7/unittest/case.py", line 693, in fail
    raise self.failureException(msg)
AssertionError: {'status': 1, 'code': '10001', 'data': None, 'msg': '登录成功'} != {'code': 401, 'data': 'Full authentication [61 chars]经过期'}
- {'code': '10001', 'data': None, 'msg': '登录成功', 'status': 1}
+ {'code': 401,
+  'data': 'Full authentication is required to access this resource',
+  'message': '暂未登录或token已经过期'}
 Wed, 11 Mar 2020 11:35:15  INFO test_search.py tearDownClass [ line:63 ] ==================== 查询接口测试执行完毕====================
 Wed, 11 Mar 2020 11:35:55  INFO test_search.py setUpClass [ line:57 ] ==================== 准备开始执行查询接口测试 ====================
 Wed, 11 Mar 2020 11:35:55  INFO http_request.py request [ line:53 ] 正在发送请求，请求地址：http://144.34.200.237:8080/admin/login， 请求参数：{'password': '123456', 'username': 'ceshijiagoushi'}
 Wed, 11 Mar 2020 11:35:55  INFO http_request.py request [ line:59 ] 正在发送请求，请求地址：http://144.34.200.237:8080/order/list， 请求参数：None
 Wed, 11 Mar 2020 11:35:55  INFO http_request.py request [ line:53 ] 正在发送请求，请求地址：http://144.34.200.237:8080/admin/login， 请求参数：{'password': '123456', 'username': 'ceshijiagoushi'}
 Wed, 11 Mar 2020 11:35:56  INFO test_search.py tearDownClass [ line:63 ] ==================== 查询接口测试执行完毕====================
