 Tue, 10 Mar 2020 15:26:35  INFO test_login.py setUpClass [ line:40 ] ==================== 准备开始执行登录接口测试 ====================
 Tue, 10 Mar 2020 15:26:35  INFO http_request.py request [ line:56 ] 正在发送请求，请求地址：http://118.24.221.133:8081/futureloan/mvc/api/member/login， 请求参数：{'mobilephone': '13941387738', 'pwd': '1234567'}
 Tue, 10 Mar 2020 15:26:35  INFO test_login.py test_login [ line:77 ] 预期结果是：{"status":1,  "code":"10001", "data":None, "msg":"登录成功"}, 实际结果是：{'status': 1, 'code': '10001', 'data': None, 'msg': '登录成功'},测试通过
 Tue, 10 Mar 2020 15:26:36  INFO http_request.py request [ line:56 ] 正在发送请求，请求地址：http://118.24.221.133:8081/futureloan/mvc/api/member/login， 请求参数：{'mobilephone': '150 71369970', 'pwd': '123456'}
 Tue, 10 Mar 2020 15:26:36  INFO test_login.py test_login [ line:77 ] 预期结果是：{'status': 0, 'code': '20111', 'data': None, 'msg': '用户名或密码错误'}, 实际结果是：{'status': 0, 'code': '20111', 'data': None, 'msg': '用户名或密码错误'},测试通过
 Tue, 10 Mar 2020 15:26:36  INFO http_request.py request [ line:56 ] 正在发送请求，请求地址：http://118.24.221.133:8081/futureloan/mvc/api/member/login， 请求参数：{'mobilephone': '18341478198', 'pwd': '1234568'}
 Tue, 10 Mar 2020 15:26:36  INFO test_login.py test_login [ line:77 ] 预期结果是：{'status': 0, 'code': '20111', 'data': None, 'msg': '用户名或密码错误'}, 实际结果是：{'status': 0, 'code': '20111', 'data': None, 'msg': '用户名或密码错误'},测试通过
 Tue, 10 Mar 2020 15:26:36  INFO http_request.py request [ line:56 ] 正在发送请求，请求地址：http://118.24.221.133:8081/futureloan/mvc/api/member/login， 请求参数：{'mobilephone': '', 'pwd': '1234568'}
 Tue, 10 Mar 2020 15:26:36  INFO test_login.py test_login [ line:77 ] 预期结果是：{'status': 0, 'code': '20103', 'data': None, 'msg': '手机号不能为空'}, 实际结果是：{'status': 0, 'code': '20103', 'data': None, 'msg': '手机号不能为空'},测试通过
 Tue, 10 Mar 2020 15:26:37  INFO http_request.py request [ line:56 ] 正在发送请求，请求地址：http://118.24.221.133:8081/futureloan/mvc/api/member/login， 请求参数：{'mobilephone': '13941387738', 'pwd': ''}
 Tue, 10 Mar 2020 15:26:37  INFO test_login.py test_login [ line:77 ] 预期结果是：{'status': 0, 'code': '20103', 'data': None, 'msg': '密码不能为空'}, 实际结果是：{'status': 0, 'code': '20103', 'data': None, 'msg': '密码不能为空'},测试通过
 Tue, 10 Mar 2020 15:26:37  INFO http_request.py request [ line:56 ] 正在发送请求，请求地址：http://118.24.221.133:8081/futureloan/mvc/api/member/login， 请求参数：{'mobilephone': '13941387738', 'pwd': '1234569'}
 Tue, 10 Mar 2020 15:26:37  INFO test_login.py test_login [ line:77 ] 预期结果是：{'status': 0, 'code': '20111', 'data': None, 'msg': '用户名或密码错误'}, 实际结果是：{'status': 0, 'code': '20111', 'data': None, 'msg': '用户名或密码错误'},测试通过
 Tue, 10 Mar 2020 15:26:38  INFO test_login.py tearDownClass [ line:46 ] ==================== 登录接口测试执行完毕====================
 Tue, 10 Mar 2020 15:26:38  INFO test_recharge.py setUpClass [ line:41 ] ==================== 准备开始执行充值接口测试 ====================
 Tue, 10 Mar 2020 15:26:38  INFO http_request.py request [ line:56 ] 正在发送请求，请求地址：http://118.24.221.133:8081/futureloan/mvc/api/member/login， 请求参数：{'mobilephone': '13941387738', 'pwd': '1234567'}
 Tue, 10 Mar 2020 15:26:38  INFO test_recharge.py test_recharge [ line:80 ] 预期结果是：{"status":1,  "code":"10001", "data":None, "msg":"登录成功"}, 实际结果是：{'status': 1, 'code': '10001', 'data': None, 'msg': '登录成功'},测试通过
 Tue, 10 Mar 2020 15:26:38  INFO http_request.py request [ line:56 ] 正在发送请求，请求地址：http://118.24.221.133:8081/futureloan/mvc/api/member/recharge， 请求参数：{'mobilephone': '13941387738', 'amount': '200'}
 Tue, 10 Mar 2020 15:26:39  INFO test_recharge.py test_recharge [ line:80 ] 预期结果是：{'status': 1, 'code': '10001', 'data': {'id': 1507, 'regname': 'user1', 'pwd': 'FCEA920F7412B5DA7BE0CF42B8C93759', 'mobilephone': '13941387738', 'leaveamount': '8185.00', 'type': '1', 'regtime': '2020-03-09 14:25:05.0'}, 'msg': '充值成功'}, 实际结果是：{'status': 1, 'code': '10001', 'data': {'id': 1507, 'regname': 'user1', 'pwd': 'FCEA920F7412B5DA7BE0CF42B8C93759', 'mobilephone': '13941387738', 'leaveamount': '8185.00', 'type': '1', 'regtime': '2020-03-09 14:25:05.0'}, 'msg': '充值成功'},测试通过
 Tue, 10 Mar 2020 15:26:39  INFO http_request.py request [ line:56 ] 正在发送请求，请求地址：http://118.24.221.133:8081/futureloan/mvc/api/member/recharge， 请求参数：{'mobilephone': '13240675588', 'amount': '200'}
 Tue, 10 Mar 2020 15:26:39  INFO test_recharge.py test_recharge [ line:80 ] 预期结果是：{'status': 0, 'code': '20104', 'data': None, 'msg': '此手机号对应的会员不存在'}, 实际结果是：{'status': 0, 'code': '20104', 'data': None, 'msg': '此手机号对应的会员不存在'},测试通过
 Tue, 10 Mar 2020 15:26:39  INFO http_request.py request [ line:56 ] 正在发送请求，请求地址：http://118.24.221.133:8081/futureloan/mvc/api/member/recharge， 请求参数：{'mobilephone': '13523', 'amount': '201'}
 Tue, 10 Mar 2020 15:26:39  INFO test_recharge.py test_recharge [ line:80 ] 预期结果是：{'status': 0, 'code': '20109', 'data': None, 'msg': '手机号码格式不正确'}, 实际结果是：{'status': 0, 'code': '20109', 'data': None, 'msg': '手机号码格式不正确'},测试通过
 Tue, 10 Mar 2020 15:26:40  INFO http_request.py request [ line:56 ] 正在发送请求，请求地址：http://118.24.221.133:8081/futureloan/mvc/api/member/recharge， 请求参数：{'mobilephone': '', 'amount': '201'}
 Tue, 10 Mar 2020 15:26:40  INFO test_recharge.py test_recharge [ line:80 ] 预期结果是：{'status': 0, 'code': '20103', 'data': None, 'msg': '手机号不能为空'}, 实际结果是：{'status': 0, 'code': '20103', 'data': None, 'msg': '手机号不能为空'},测试通过
 Tue, 10 Mar 2020 15:26:40  INFO http_request.py request [ line:56 ] 正在发送请求，请求地址：http://118.24.221.133:8081/futureloan/mvc/api/member/recharge， 请求参数：{'mobilephone': '13941387738', 'amount': ''}
 Tue, 10 Mar 2020 15:26:40  INFO test_recharge.py test_recharge [ line:80 ] 预期结果是：{'status': 0, 'code': '20115', 'data': None, 'msg': '请输入金额'}, 实际结果是：{'status': 0, 'code': '20115', 'data': None, 'msg': '请输入金额'},测试通过
 Tue, 10 Mar 2020 15:26:40  INFO http_request.py request [ line:56 ] 正在发送请求，请求地址：http://118.24.221.133:8081/futureloan/mvc/api/member/recharge， 请求参数：{'mobilephone': '13941387738', 'amount': '20.098'}
 Tue, 10 Mar 2020 15:26:40  INFO test_recharge.py test_recharge [ line:80 ] 预期结果是：{'status': 0, 'code': '20116', 'data': None, 'msg': '输入金额的金额小数不能超过两位'}, 实际结果是：{'status': 0, 'code': '20116', 'data': None, 'msg': '输入金额的金额小数不能超过两位'},测试通过
 Tue, 10 Mar 2020 15:26:40  INFO http_request.py request [ line:56 ] 正在发送请求，请求地址：http://118.24.221.133:8081/futureloan/mvc/api/member/recharge， 请求参数：{'mobilephone': '13941387738', 'amount': '-30'}
 Tue, 10 Mar 2020 15:26:40  INFO test_recharge.py test_recharge [ line:80 ] 预期结果是：{'status': 0, 'code': '20117', 'data': None, 'msg': '请输入范围在0到50万之间的正数金额'}, 实际结果是：{'status': 0, 'code': '20117', 'data': None, 'msg': '请输入范围在0到50万之间的正数金额'},测试通过
 Tue, 10 Mar 2020 15:26:41  INFO http_request.py request [ line:56 ] 正在发送请求，请求地址：http://118.24.221.133:8081/futureloan/mvc/api/member/recharge， 请求参数：{'mobilephone': '13941387738', 'amount': '1000000'}
 Tue, 10 Mar 2020 15:26:41  INFO test_recharge.py test_recharge [ line:80 ] 预期结果是：{'status': 0, 'code': '20117', 'data': None, 'msg': '请输入范围在0到50万之间的正数金额'}, 实际结果是：{'status': 0, 'code': '20117', 'data': None, 'msg': '请输入范围在0到50万之间的正数金额'},测试通过
 Tue, 10 Mar 2020 15:26:41  INFO http_request.py request [ line:56 ] 正在发送请求，请求地址：http://118.24.221.133:8081/futureloan/mvc/api/member/recharge， 请求参数：{'mobilephone': '13941387738', 'amount': '哈哈'}
 Tue, 10 Mar 2020 15:26:41  INFO test_recharge.py test_recharge [ line:80 ] 预期结果是：{'status': 0, 'code': '20118', 'data': None, 'msg': '请输入数字'}, 实际结果是：{'status': 0, 'code': '20118', 'data': None, 'msg': '请输入数字'},测试通过
 Tue, 10 Mar 2020 15:26:41  INFO test_recharge.py tearDownClass [ line:47 ] ==================== 充值接口测试接口测试执行完毕====================
 Tue, 10 Mar 2020 15:26:41  INFO test_register1.py setUpClass [ line:55 ] ==================== 准备开始执行注册接口测试 ====================
 Tue, 10 Mar 2020 15:26:41  INFO http_request.py request [ line:56 ] 正在发送请求，请求地址：http://118.24.221.133:8081/futureloan/mvc/api/member/register， 请求参数：{'mobilephone': '13343859958', 'pwd': '1234567', 'regname': 'user1'}
 Tue, 10 Mar 2020 15:26:42  INFO test_register1.py test_register [ line:94 ] 预期结果是：{"status":1,  "code":"10001", "data":None, "msg":"注册成功"}, 实际结果是：{'status': 1, 'code': '10001', 'data': None, 'msg': '注册成功'},测试通过
 Tue, 10 Mar 2020 15:26:42  INFO http_request.py request [ line:56 ] 正在发送请求，请求地址：http://118.24.221.133:8081/futureloan/mvc/api/member/register， 请求参数：{'mobilephone': '14932064102', 'pwd': '1234567', 'regname': 'user1'}
 Tue, 10 Mar 2020 15:26:42  ERROR test_register1.py test_register [ line:90 ] {'status': 1, 'code': '10001', 'data': None, 'msg': '注册成功'} != {'status': 0, 'code': '20109', 'data': None, 'msg': '手机号码格式不正确'}
- {'code': '10001', 'data': None, 'msg': '注册成功', 'status': 1}
?             ^^^                         ^^^^             ^

+ {'code': '20109', 'data': None, 'msg': '手机号码格式不正确', 'status': 0}
?           ++  ^                         ^^^^^^^^^             ^
Traceback (most recent call last):
  File "/Users/huangjie/学习/untitled7/test_cases/test_register1.py", line 87, in test_register
    self.assertEqual(eval(case.expected_data), res)
  File "/Library/Frameworks/Python.framework/Versions/3.7/lib/python3.7/unittest/case.py", line 852, in assertEqual
    assertion_func(first, second, msg=msg)
  File "/Library/Frameworks/Python.framework/Versions/3.7/lib/python3.7/unittest/case.py", line 1151, in assertDictEqual
    self.fail(self._formatMessage(msg, standardMsg))
  File "/Library/Frameworks/Python.framework/Versions/3.7/lib/python3.7/unittest/case.py", line 693, in fail
    raise self.failureException(msg)
AssertionError: {'status': 1, 'code': '10001', 'data': None, 'msg': '注册成功'} != {'status': 0, 'code': '20109', 'data': None, 'msg': '手机号码格式不正确'}
- {'code': '10001', 'data': None, 'msg': '注册成功', 'status': 1}
?             ^^^                         ^^^^             ^

+ {'code': '20109', 'data': None, 'msg': '手机号码格式不正确', 'status': 0}
?           ++  ^                         ^^^^^^^^^             ^

 Tue, 10 Mar 2020 15:26:42  INFO http_request.py request [ line:56 ] 正在发送请求，请求地址：http://118.24.221.133:8081/futureloan/mvc/api/member/register， 请求参数：{'mobilephone': '15364957868', 'pwd': '1234567', 'regname': 'user1'}
 Tue, 10 Mar 2020 15:26:42  INFO test_register1.py test_register [ line:94 ] 预期结果是：{"status":1,  "code":"10001", "data":None, "msg":"注册成功"}, 实际结果是：{'status': 1, 'code': '10001', 'data': None, 'msg': '注册成功'},测试通过
 Tue, 10 Mar 2020 15:26:42  INFO http_request.py request [ line:56 ] 正在发送请求，请求地址：http://118.24.221.133:8081/futureloan/mvc/api/member/register， 请求参数：{'mobilephone': '17319930109', 'pwd': '1234567', 'regname': 'user1'}
 Tue, 10 Mar 2020 15:26:43  ERROR test_register1.py test_register [ line:90 ] {'status': 1, 'code': '10001', 'data': None, 'msg': '注册成功'} != {'status': 0, 'code': '20109', 'data': None, 'msg': '手机号码格式不正确'}
- {'code': '10001', 'data': None, 'msg': '注册成功', 'status': 1}
?             ^^^                         ^^^^             ^

+ {'code': '20109', 'data': None, 'msg': '手机号码格式不正确', 'status': 0}
?           ++  ^                         ^^^^^^^^^             ^
Traceback (most recent call last):
  File "/Users/huangjie/学习/untitled7/test_cases/test_register1.py", line 87, in test_register
    self.assertEqual(eval(case.expected_data), res)
  File "/Library/Frameworks/Python.framework/Versions/3.7/lib/python3.7/unittest/case.py", line 852, in assertEqual
    assertion_func(first, second, msg=msg)
  File "/Library/Frameworks/Python.framework/Versions/3.7/lib/python3.7/unittest/case.py", line 1151, in assertDictEqual
    self.fail(self._formatMessage(msg, standardMsg))
  File "/Library/Frameworks/Python.framework/Versions/3.7/lib/python3.7/unittest/case.py", line 693, in fail
    raise self.failureException(msg)
AssertionError: {'status': 1, 'code': '10001', 'data': None, 'msg': '注册成功'} != {'status': 0, 'code': '20109', 'data': None, 'msg': '手机号码格式不正确'}
- {'code': '10001', 'data': None, 'msg': '注册成功', 'status': 1}
?             ^^^                         ^^^^             ^

+ {'code': '20109', 'data': None, 'msg': '手机号码格式不正确', 'status': 0}
?           ++  ^                         ^^^^^^^^^             ^

 Tue, 10 Mar 2020 15:26:43  INFO http_request.py request [ line:56 ] 正在发送请求，请求地址：http://118.24.221.133:8081/futureloan/mvc/api/member/register， 请求参数：{'mobilephone': '17778244312', 'pwd': '1234567', 'regname': 'user1'}
 Tue, 10 Mar 2020 15:26:43  INFO test_register1.py test_register [ line:94 ] 预期结果是：{"status":1,  "code":"10001", "data":None, "msg":"注册成功"}, 实际结果是：{'status': 1, 'code': '10001', 'data': None, 'msg': '注册成功'},测试通过
 Tue, 10 Mar 2020 15:26:43  INFO http_request.py request [ line:56 ] 正在发送请求，请求地址：http://118.24.221.133:8081/futureloan/mvc/api/member/register， 请求参数：{'mobilephone': '18009945972', 'pwd': '1234567', 'regname': 'user1'}
 Tue, 10 Mar 2020 15:26:43  INFO test_register1.py test_register [ line:94 ] 预期结果是：{"status":1,  "code":"10001", "data":None, "msg":"注册成功"}, 实际结果是：{'status': 1, 'code': '10001', 'data': None, 'msg': '注册成功'},测试通过
 Tue, 10 Mar 2020 15:26:43  INFO http_request.py request [ line:56 ] 正在发送请求，请求地址：http://118.24.221.133:8081/futureloan/mvc/api/member/register， 请求参数：{'mobilephone': '18151980461', 'pwd': '1234567', 'regname': 'user1'}
 Tue, 10 Mar 2020 15:26:44  INFO test_register1.py test_register [ line:94 ] 预期结果是：{"status":1,  "code":"10001", "data":None, "msg":"注册成功"}, 实际结果是：{'status': 1, 'code': '10001', 'data': None, 'msg': '注册成功'},测试通过
 Tue, 10 Mar 2020 15:26:44  INFO http_request.py request [ line:56 ] 正在发送请求，请求地址：http://118.24.221.133:8081/futureloan/mvc/api/member/register， 请求参数：{'mobilephone': '18935393327', 'pwd': '1234567', 'regname': 'user1'}
 Tue, 10 Mar 2020 15:26:44  INFO test_register1.py test_register [ line:94 ] 预期结果是：{"status":1,  "code":"10001", "data":None, "msg":"注册成功"}, 实际结果是：{'status': 1, 'code': '10001', 'data': None, 'msg': '注册成功'},测试通过
 Tue, 10 Mar 2020 15:26:44  INFO http_request.py request [ line:56 ] 正在发送请求，请求地址：http://118.24.221.133:8081/futureloan/mvc/api/member/register， 请求参数：{'mobilephone': '19901223896', 'pwd': '1234567', 'regname': 'user1'}
 Tue, 10 Mar 2020 15:26:44  ERROR test_register1.py test_register [ line:90 ] {'status': 1, 'code': '10001', 'data': None, 'msg': '注册成功'} != {'status': 0, 'code': '20109', 'data': None, 'msg': '手机号码格式不正确'}
- {'code': '10001', 'data': None, 'msg': '注册成功', 'status': 1}
?             ^^^                         ^^^^             ^

+ {'code': '20109', 'data': None, 'msg': '手机号码格式不正确', 'status': 0}
?           ++  ^                         ^^^^^^^^^             ^
Traceback (most recent call last):
  File "/Users/huangjie/学习/untitled7/test_cases/test_register1.py", line 87, in test_register
    self.assertEqual(eval(case.expected_data), res)
  File "/Library/Frameworks/Python.framework/Versions/3.7/lib/python3.7/unittest/case.py", line 852, in assertEqual
    assertion_func(first, second, msg=msg)
  File "/Library/Frameworks/Python.framework/Versions/3.7/lib/python3.7/unittest/case.py", line 1151, in assertDictEqual
    self.fail(self._formatMessage(msg, standardMsg))
  File "/Library/Frameworks/Python.framework/Versions/3.7/lib/python3.7/unittest/case.py", line 693, in fail
    raise self.failureException(msg)
AssertionError: {'status': 1, 'code': '10001', 'data': None, 'msg': '注册成功'} != {'status': 0, 'code': '20109', 'data': None, 'msg': '手机号码格式不正确'}
- {'code': '10001', 'data': None, 'msg': '注册成功', 'status': 1}
?             ^^^                         ^^^^             ^

+ {'code': '20109', 'data': None, 'msg': '手机号码格式不正确', 'status': 0}
?           ++  ^                         ^^^^^^^^^             ^

 Tue, 10 Mar 2020 15:26:44  INFO http_request.py request [ line:56 ] 正在发送请求，请求地址：http://118.24.221.133:8081/futureloan/mvc/api/member/register， 请求参数：{'mobilephone': '13068153723', 'pwd': '1234567', 'regname': 'user1'}
 Tue, 10 Mar 2020 15:26:44  INFO test_register1.py test_register [ line:94 ] 预期结果是：{"status":1,  "code":"10001", "data":None, "msg":"注册成功"}, 实际结果是：{'status': 1, 'code': '10001', 'data': None, 'msg': '注册成功'},测试通过
 Tue, 10 Mar 2020 15:26:45  INFO http_request.py request [ line:56 ] 正在发送请求，请求地址：http://118.24.221.133:8081/futureloan/mvc/api/member/register， 请求参数：{'mobilephone': '13119967478', 'pwd': '1234567', 'regname': 'user1'}
 Tue, 10 Mar 2020 15:26:45  INFO test_register1.py test_register [ line:94 ] 预期结果是：{"status":1,  "code":"10001", "data":None, "msg":"注册成功"}, 实际结果是：{'status': 1, 'code': '10001', 'data': None, 'msg': '注册成功'},测试通过
 Tue, 10 Mar 2020 15:26:45  INFO http_request.py request [ line:56 ] 正在发送请求，请求地址：http://118.24.221.133:8081/futureloan/mvc/api/member/register， 请求参数：{'mobilephone': '13240182196', 'pwd': '1234567', 'regname': 'user1'}
 Tue, 10 Mar 2020 15:26:45  INFO test_register1.py test_register [ line:94 ] 预期结果是：{"status":1,  "code":"10001", "data":None, "msg":"注册成功"}, 实际结果是：{'status': 1, 'code': '10001', 'data': None, 'msg': '注册成功'},测试通过
 Tue, 10 Mar 2020 15:26:45  INFO http_request.py request [ line:56 ] 正在发送请求，请求地址：http://118.24.221.133:8081/futureloan/mvc/api/member/register， 请求参数：{'mobilephone': '14596546513', 'pwd': '1234567', 'regname': 'user1'}
 Tue, 10 Mar 2020 15:26:45  INFO test_register1.py test_register [ line:94 ] 预期结果是：{"status":1,  "code":"10001", "data":None, "msg":"注册成功"}, 实际结果是：{'status': 1, 'code': '10001', 'data': None, 'msg': '注册成功'},测试通过
 Tue, 10 Mar 2020 15:26:46  INFO http_request.py request [ line:56 ] 正在发送请求，请求地址：http://118.24.221.133:8081/futureloan/mvc/api/member/register， 请求参数：{'mobilephone': '15539251423', 'pwd': '1234567', 'regname': 'user1'}
 Tue, 10 Mar 2020 15:26:46  INFO test_register1.py test_register [ line:94 ] 预期结果是：{"status":1,  "code":"10001", "data":None, "msg":"注册成功"}, 实际结果是：{'status': 1, 'code': '10001', 'data': None, 'msg': '注册成功'},测试通过
 Tue, 10 Mar 2020 15:26:46  INFO http_request.py request [ line:56 ] 正在发送请求，请求地址：http://118.24.221.133:8081/futureloan/mvc/api/member/register， 请求参数：{'mobilephone': '15671897331', 'pwd': '1234567', 'regname': 'user1'}
 Tue, 10 Mar 2020 15:26:46  INFO test_register1.py test_register [ line:94 ] 预期结果是：{"status":1,  "code":"10001", "data":None, "msg":"注册成功"}, 实际结果是：{'status': 1, 'code': '10001', 'data': None, 'msg': '注册成功'},测试通过
 Tue, 10 Mar 2020 15:26:46  INFO http_request.py request [ line:56 ] 正在发送请求，请求地址：http://118.24.221.133:8081/futureloan/mvc/api/member/register， 请求参数：{'mobilephone': '16640405388', 'pwd': '1234567', 'regname': 'user1'}
 Tue, 10 Mar 2020 15:26:46  ERROR test_register1.py test_register [ line:90 ] {'status': 1, 'code': '10001', 'data': None, 'msg': '注册成功'} != {'status': 0, 'code': '20109', 'data': None, 'msg': '手机号码格式不正确'}
- {'code': '10001', 'data': None, 'msg': '注册成功', 'status': 1}
?             ^^^                         ^^^^             ^

+ {'code': '20109', 'data': None, 'msg': '手机号码格式不正确', 'status': 0}
?           ++  ^                         ^^^^^^^^^             ^
Traceback (most recent call last):
  File "/Users/huangjie/学习/untitled7/test_cases/test_register1.py", line 87, in test_register
    self.assertEqual(eval(case.expected_data), res)
  File "/Library/Frameworks/Python.framework/Versions/3.7/lib/python3.7/unittest/case.py", line 852, in assertEqual
    assertion_func(first, second, msg=msg)
  File "/Library/Frameworks/Python.framework/Versions/3.7/lib/python3.7/unittest/case.py", line 1151, in assertDictEqual
    self.fail(self._formatMessage(msg, standardMsg))
  File "/Library/Frameworks/Python.framework/Versions/3.7/lib/python3.7/unittest/case.py", line 693, in fail
    raise self.failureException(msg)
AssertionError: {'status': 1, 'code': '10001', 'data': None, 'msg': '注册成功'} != {'status': 0, 'code': '20109', 'data': None, 'msg': '手机号码格式不正确'}
- {'code': '10001', 'data': None, 'msg': '注册成功', 'status': 1}
?             ^^^                         ^^^^             ^

+ {'code': '20109', 'data': None, 'msg': '手机号码格式不正确', 'status': 0}
?           ++  ^                         ^^^^^^^^^             ^

 Tue, 10 Mar 2020 15:26:46  INFO http_request.py request [ line:56 ] 正在发送请求，请求地址：http://118.24.221.133:8081/futureloan/mvc/api/member/register， 请求参数：{'mobilephone': '17107923772', 'pwd': '1234567', 'regname': 'user1'}
 Tue, 10 Mar 2020 15:26:46  ERROR test_register1.py test_register [ line:90 ] {'status': 1, 'code': '10001', 'data': None, 'msg': '注册成功'} != {'status': 0, 'code': '20109', 'data': None, 'msg': '手机号码格式不正确'}
- {'code': '10001', 'data': None, 'msg': '注册成功', 'status': 1}
?             ^^^                         ^^^^             ^

+ {'code': '20109', 'data': None, 'msg': '手机号码格式不正确', 'status': 0}
?           ++  ^                         ^^^^^^^^^             ^
Traceback (most recent call last):
  File "/Users/huangjie/学习/untitled7/test_cases/test_register1.py", line 87, in test_register
    self.assertEqual(eval(case.expected_data), res)
  File "/Library/Frameworks/Python.framework/Versions/3.7/lib/python3.7/unittest/case.py", line 852, in assertEqual
    assertion_func(first, second, msg=msg)
  File "/Library/Frameworks/Python.framework/Versions/3.7/lib/python3.7/unittest/case.py", line 1151, in assertDictEqual
    self.fail(self._formatMessage(msg, standardMsg))
  File "/Library/Frameworks/Python.framework/Versions/3.7/lib/python3.7/unittest/case.py", line 693, in fail
    raise self.failureException(msg)
AssertionError: {'status': 1, 'code': '10001', 'data': None, 'msg': '注册成功'} != {'status': 0, 'code': '20109', 'data': None, 'msg': '手机号码格式不正确'}
- {'code': '10001', 'data': None, 'msg': '注册成功', 'status': 1}
?             ^^^                         ^^^^             ^

+ {'code': '20109', 'data': None, 'msg': '手机号码格式不正确', 'status': 0}
?           ++  ^                         ^^^^^^^^^             ^

 Tue, 10 Mar 2020 15:26:47  INFO http_request.py request [ line:56 ] 正在发送请求，请求地址：http://118.24.221.133:8081/futureloan/mvc/api/member/register， 请求参数：{'mobilephone': '17581584705', 'pwd': '1234567', 'regname': 'user1'}
 Tue, 10 Mar 2020 15:26:47  ERROR test_register1.py test_register [ line:90 ] {'status': 1, 'code': '10001', 'data': None, 'msg': '注册成功'} != {'status': 0, 'code': '20109', 'data': None, 'msg': '手机号码格式不正确'}
- {'code': '10001', 'data': None, 'msg': '注册成功', 'status': 1}
?             ^^^                         ^^^^             ^

+ {'code': '20109', 'data': None, 'msg': '手机号码格式不正确', 'status': 0}
?           ++  ^                         ^^^^^^^^^             ^
Traceback (most recent call last):
  File "/Users/huangjie/学习/untitled7/test_cases/test_register1.py", line 87, in test_register
    self.assertEqual(eval(case.expected_data), res)
  File "/Library/Frameworks/Python.framework/Versions/3.7/lib/python3.7/unittest/case.py", line 852, in assertEqual
    assertion_func(first, second, msg=msg)
  File "/Library/Frameworks/Python.framework/Versions/3.7/lib/python3.7/unittest/case.py", line 1151, in assertDictEqual
    self.fail(self._formatMessage(msg, standardMsg))
  File "/Library/Frameworks/Python.framework/Versions/3.7/lib/python3.7/unittest/case.py", line 693, in fail
    raise self.failureException(msg)
AssertionError: {'status': 1, 'code': '10001', 'data': None, 'msg': '注册成功'} != {'status': 0, 'code': '20109', 'data': None, 'msg': '手机号码格式不正确'}
- {'code': '10001', 'data': None, 'msg': '注册成功', 'status': 1}
?             ^^^                         ^^^^             ^

+ {'code': '20109', 'data': None, 'msg': '手机号码格式不正确', 'status': 0}
?           ++  ^                         ^^^^^^^^^             ^

 Tue, 10 Mar 2020 15:26:47  INFO http_request.py request [ line:56 ] 正在发送请求，请求地址：http://118.24.221.133:8081/futureloan/mvc/api/member/register， 请求参数：{'mobilephone': '17682278410', 'pwd': '1234567', 'regname': 'user1'}
 Tue, 10 Mar 2020 15:26:47  INFO test_register1.py test_register [ line:94 ] 预期结果是：{"status":1,  "code":"10001", "data":None, "msg":"注册成功"}, 实际结果是：{'status': 1, 'code': '10001', 'data': None, 'msg': '注册成功'},测试通过
 Tue, 10 Mar 2020 15:26:47  INFO http_request.py request [ line:56 ] 正在发送请求，请求地址：http://118.24.221.133:8081/futureloan/mvc/api/member/register， 请求参数：{'mobilephone': '18553584806', 'pwd': '1234567', 'regname': 'user1'}
 Tue, 10 Mar 2020 15:26:47  INFO test_register1.py test_register [ line:94 ] 预期结果是：{"status":1,  "code":"10001", "data":None, "msg":"注册成功"}, 实际结果是：{'status': 1, 'code': '10001', 'data': None, 'msg': '注册成功'},测试通过
 Tue, 10 Mar 2020 15:26:48  INFO http_request.py request [ line:56 ] 正在发送请求，请求地址：http://118.24.221.133:8081/futureloan/mvc/api/member/register， 请求参数：{'mobilephone': '18652898885', 'pwd': '1234567', 'regname': 'user1'}
 Tue, 10 Mar 2020 15:26:48  INFO test_register1.py test_register [ line:94 ] 预期结果是：{"status":1,  "code":"10001", "data":None, "msg":"注册成功"}, 实际结果是：{'status': 1, 'code': '10001', 'data': None, 'msg': '注册成功'},测试通过
 Tue, 10 Mar 2020 15:26:48  INFO http_request.py request [ line:56 ] 正在发送请求，请求地址：http://118.24.221.133:8081/futureloan/mvc/api/member/register， 请求参数：{'mobilephone': '16616918242', 'pwd': '1234567', 'regname': 'user1'}
 Tue, 10 Mar 2020 15:26:48  ERROR test_register1.py test_register [ line:90 ] {'status': 1, 'code': '10001', 'data': None, 'msg': '注册成功'} != {'status': 0, 'code': '20109', 'data': None, 'msg': '手机号码格式不正确'}
- {'code': '10001', 'data': None, 'msg': '注册成功', 'status': 1}
?             ^^^                         ^^^^             ^

+ {'code': '20109', 'data': None, 'msg': '手机号码格式不正确', 'status': 0}
?           ++  ^                         ^^^^^^^^^             ^
Traceback (most recent call last):
  File "/Users/huangjie/学习/untitled7/test_cases/test_register1.py", line 87, in test_register
    self.assertEqual(eval(case.expected_data), res)
  File "/Library/Frameworks/Python.framework/Versions/3.7/lib/python3.7/unittest/case.py", line 852, in assertEqual
    assertion_func(first, second, msg=msg)
  File "/Library/Frameworks/Python.framework/Versions/3.7/lib/python3.7/unittest/case.py", line 1151, in assertDictEqual
    self.fail(self._formatMessage(msg, standardMsg))
  File "/Library/Frameworks/Python.framework/Versions/3.7/lib/python3.7/unittest/case.py", line 693, in fail
    raise self.failureException(msg)
AssertionError: {'status': 1, 'code': '10001', 'data': None, 'msg': '注册成功'} != {'status': 0, 'code': '20109', 'data': None, 'msg': '手机号码格式不正确'}
- {'code': '10001', 'data': None, 'msg': '注册成功', 'status': 1}
?             ^^^                         ^^^^             ^

+ {'code': '20109', 'data': None, 'msg': '手机号码格式不正确', 'status': 0}
?           ++  ^                         ^^^^^^^^^             ^

 Tue, 10 Mar 2020 15:26:48  INFO http_request.py request [ line:56 ] 正在发送请求，请求地址：http://118.24.221.133:8081/futureloan/mvc/api/member/register， 请求参数：{'mobilephone': '13405674153', 'pwd': '1234567', 'regname': 'user1'}
 Tue, 10 Mar 2020 15:26:48  INFO test_register1.py test_register [ line:94 ] 预期结果是：{"status":1,  "code":"10001", "data":None, "msg":"注册成功"}, 实际结果是：{'status': 1, 'code': '10001', 'data': None, 'msg': '注册成功'},测试通过
 Tue, 10 Mar 2020 15:26:49  INFO http_request.py request [ line:56 ] 正在发送请求，请求地址：http://118.24.221.133:8081/futureloan/mvc/api/member/register， 请求参数：{'mobilephone': '13592598391', 'pwd': '1234567', 'regname': 'user1'}
 Tue, 10 Mar 2020 15:26:49  INFO test_register1.py test_register [ line:94 ] 预期结果是：{"status":1,  "code":"10001", "data":None, "msg":"注册成功"}, 实际结果是：{'status': 1, 'code': '10001', 'data': None, 'msg': '注册成功'},测试通过
 Tue, 10 Mar 2020 15:26:49  INFO http_request.py request [ line:56 ] 正在发送请求，请求地址：http://118.24.221.133:8081/futureloan/mvc/api/member/register， 请求参数：{'mobilephone': '13600460518', 'pwd': '1234567', 'regname': 'user2'}
 Tue, 10 Mar 2020 15:26:49  INFO test_register1.py test_register [ line:94 ] 预期结果是：{"status":1,  "code":"10001", "data":None, "msg":"注册成功"}, 实际结果是：{'status': 1, 'code': '10001', 'data': None, 'msg': '注册成功'},测试通过
 Tue, 10 Mar 2020 15:26:49  INFO http_request.py request [ line:56 ] 正在发送请求，请求地址：http://118.24.221.133:8081/futureloan/mvc/api/member/register， 请求参数：{'mobilephone': '13751842943', 'pwd': '1234567', 'regname': 'user2'}
 Tue, 10 Mar 2020 15:26:49  INFO test_register1.py test_register [ line:94 ] 预期结果是：{"status":1,  "code":"10001", "data":None, "msg":"注册成功"}, 实际结果是：{'status': 1, 'code': '10001', 'data': None, 'msg': '注册成功'},测试通过
 Tue, 10 Mar 2020 15:26:50  INFO http_request.py request [ line:56 ] 正在发送请求，请求地址：http://118.24.221.133:8081/futureloan/mvc/api/member/register， 请求参数：{'mobilephone': '13801757237', 'pwd': '1234567', 'regname': 'user3'}
 Tue, 10 Mar 2020 15:26:50  INFO test_register1.py test_register [ line:94 ] 预期结果是：{"status":1,  "code":"10001", "data":None, "msg":"注册成功"}, 实际结果是：{'status': 1, 'code': '10001', 'data': None, 'msg': '注册成功'},测试通过
 Tue, 10 Mar 2020 15:26:50  INFO http_request.py request [ line:56 ] 正在发送请求，请求地址：http://118.24.221.133:8081/futureloan/mvc/api/member/register， 请求参数：{'mobilephone': '13907698653', 'pwd': '1234567', 'regname': 'user3'}
 Tue, 10 Mar 2020 15:26:50  INFO test_register1.py test_register [ line:94 ] 预期结果是：{"status":1,  "code":"10001", "data":None, "msg":"注册成功"}, 实际结果是：{'status': 1, 'code': '10001', 'data': None, 'msg': '注册成功'},测试通过
 Tue, 10 Mar 2020 15:26:50  INFO http_request.py request [ line:56 ] 正在发送请求，请求地址：http://118.24.221.133:8081/futureloan/mvc/api/member/register， 请求参数：{'mobilephone': '14776032247', 'pwd': '1234567', 'regname': 'user4'}
 Tue, 10 Mar 2020 15:26:50  INFO test_register1.py test_register [ line:94 ] 预期结果是：{"status":1,  "code":"10001", "data":None, "msg":"注册成功"}, 实际结果是：{'status': 1, 'code': '10001', 'data': None, 'msg': '注册成功'},测试通过
 Tue, 10 Mar 2020 15:26:50  INFO http_request.py request [ line:56 ] 正在发送请求，请求地址：http://118.24.221.133:8081/futureloan/mvc/api/member/register， 请求参数：{'mobilephone': '15018498504', 'pwd': '1234567', 'regname': 'user4'}
 Tue, 10 Mar 2020 15:26:51  INFO test_register1.py test_register [ line:94 ] 预期结果是：{"status":1,  "code":"10001", "data":None, "msg":"注册成功"}, 实际结果是：{'status': 1, 'code': '10001', 'data': None, 'msg': '注册成功'},测试通过
 Tue, 10 Mar 2020 15:26:51  INFO http_request.py request [ line:56 ] 正在发送请求，请求地址：http://118.24.221.133:8081/futureloan/mvc/api/member/register， 请求参数：{'mobilephone': '15159309141', 'pwd': '1234567', 'regname': 'user5'}
 Tue, 10 Mar 2020 15:26:51  INFO test_register1.py test_register [ line:94 ] 预期结果是：{"status":1,  "code":"10001", "data":None, "msg":"注册成功"}, 实际结果是：{'status': 1, 'code': '10001', 'data': None, 'msg': '注册成功'},测试通过
 Tue, 10 Mar 2020 15:26:51  INFO http_request.py request [ line:56 ] 正在发送请求，请求地址：http://118.24.221.133:8081/futureloan/mvc/api/member/register， 请求参数：{'mobilephone': '15273585543', 'pwd': '1234567', 'regname': 'user5'}
 Tue, 10 Mar 2020 15:26:51  INFO test_register1.py test_register [ line:94 ] 预期结果是：{"status":1,  "code":"10001", "data":None, "msg":"注册成功"}, 实际结果是：{'status': 1, 'code': '10001', 'data': None, 'msg': '注册成功'},测试通过
 Tue, 10 Mar 2020 15:26:51  INFO http_request.py request [ line:56 ] 正在发送请求，请求地址：http://118.24.221.133:8081/futureloan/mvc/api/member/register， 请求参数：{'mobilephone': '15799490624', 'pwd': '1234567', 'regname': 'user6'}
 Tue, 10 Mar 2020 15:26:51  INFO test_register1.py test_register [ line:94 ] 预期结果是：{"status":1,  "code":"10001", "data":None, "msg":"注册成功"}, 实际结果是：{'status': 1, 'code': '10001', 'data': None, 'msg': '注册成功'},测试通过
 Tue, 10 Mar 2020 15:26:52  INFO http_request.py request [ line:56 ] 正在发送请求，请求地址：http://118.24.221.133:8081/futureloan/mvc/api/member/register， 请求参数：{'mobilephone': '15809476715', 'pwd': '1234567', 'regname': 'user6'}
 Tue, 10 Mar 2020 15:26:52  INFO test_register1.py test_register [ line:94 ] 预期结果是：{"status":1,  "code":"10001", "data":None, "msg":"注册成功"}, 实际结果是：{'status': 1, 'code': '10001', 'data': None, 'msg': '注册成功'},测试通过
 Tue, 10 Mar 2020 15:26:52  INFO http_request.py request [ line:56 ] 正在发送请求，请求地址：http://118.24.221.133:8081/futureloan/mvc/api/member/register， 请求参数：{'mobilephone': '15993757083', 'pwd': '1234567', 'regname': 'user7'}
 Tue, 10 Mar 2020 15:26:52  INFO test_register1.py test_register [ line:94 ] 预期结果是：{"status":1,  "code":"10001", "data":None, "msg":"注册成功"}, 实际结果是：{'status': 1, 'code': '10001', 'data': None, 'msg': '注册成功'},测试通过
 Tue, 10 Mar 2020 15:26:52  INFO http_request.py request [ line:56 ] 正在发送请求，请求地址：http://118.24.221.133:8081/futureloan/mvc/api/member/register， 请求参数：{'mobilephone': '17275867735', 'pwd': '1234567', 'regname': 'user7'}
 Tue, 10 Mar 2020 15:26:52  ERROR test_register1.py test_register [ line:90 ] {'status': 1, 'code': '10001', 'data': None, 'msg': '注册成功'} != {'status': 0, 'code': '20109', 'data': None, 'msg': '手机号码格式不正确'}
- {'code': '10001', 'data': None, 'msg': '注册成功', 'status': 1}
?             ^^^                         ^^^^             ^

+ {'code': '20109', 'data': None, 'msg': '手机号码格式不正确', 'status': 0}
?           ++  ^                         ^^^^^^^^^             ^
Traceback (most recent call last):
  File "/Users/huangjie/学习/untitled7/test_cases/test_register1.py", line 87, in test_register
    self.assertEqual(eval(case.expected_data), res)
  File "/Library/Frameworks/Python.framework/Versions/3.7/lib/python3.7/unittest/case.py", line 852, in assertEqual
    assertion_func(first, second, msg=msg)
  File "/Library/Frameworks/Python.framework/Versions/3.7/lib/python3.7/unittest/case.py", line 1151, in assertDictEqual
    self.fail(self._formatMessage(msg, standardMsg))
  File "/Library/Frameworks/Python.framework/Versions/3.7/lib/python3.7/unittest/case.py", line 693, in fail
    raise self.failureException(msg)
AssertionError: {'status': 1, 'code': '10001', 'data': None, 'msg': '注册成功'} != {'status': 0, 'code': '20109', 'data': None, 'msg': '手机号码格式不正确'}
- {'code': '10001', 'data': None, 'msg': '注册成功', 'status': 1}
?             ^^^                         ^^^^             ^

+ {'code': '20109', 'data': None, 'msg': '手机号码格式不正确', 'status': 0}
?           ++  ^                         ^^^^^^^^^             ^

 Tue, 10 Mar 2020 15:26:53  INFO http_request.py request [ line:56 ] 正在发送请求，请求地址：http://118.24.221.133:8081/futureloan/mvc/api/member/register， 请求参数：{'mobilephone': '17819613620', 'pwd': '1234567', 'regname': 'user8'}
 Tue, 10 Mar 2020 15:26:53  INFO test_register1.py test_register [ line:94 ] 预期结果是：{"status":1,  "code":"10001", "data":None, "msg":"注册成功"}, 实际结果是：{'status': 1, 'code': '10001', 'data': None, 'msg': '注册成功'},测试通过
 Tue, 10 Mar 2020 15:26:53  INFO http_request.py request [ line:56 ] 正在发送请求，请求地址：http://118.24.221.133:8081/futureloan/mvc/api/member/register， 请求参数：{'mobilephone': '18206693867', 'pwd': '1234567', 'regname': 'user8'}
 Tue, 10 Mar 2020 15:26:53  INFO test_register1.py test_register [ line:94 ] 预期结果是：{"status":1,  "code":"10001", "data":None, "msg":"注册成功"}, 实际结果是：{'status': 1, 'code': '10001', 'data': None, 'msg': '注册成功'},测试通过
 Tue, 10 Mar 2020 15:26:53  INFO http_request.py request [ line:56 ] 正在发送请求，请求地址：http://118.24.221.133:8081/futureloan/mvc/api/member/register， 请求参数：{'mobilephone': '18391995431', 'pwd': '1234567', 'regname': 'user9'}
 Tue, 10 Mar 2020 15:26:53  INFO test_register1.py test_register [ line:94 ] 预期结果是：{"status":1,  "code":"10001", "data":None, "msg":"注册成功"}, 实际结果是：{'status': 1, 'code': '10001', 'data': None, 'msg': '注册成功'},测试通过
 Tue, 10 Mar 2020 15:26:53  INFO http_request.py request [ line:56 ] 正在发送请求，请求地址：http://118.24.221.133:8081/futureloan/mvc/api/member/register， 请求参数：{'mobilephone': '18437823119', 'pwd': '1234567', 'regname': 'user9'}
 Tue, 10 Mar 2020 15:26:54  INFO test_register1.py test_register [ line:94 ] 预期结果是：{"status":1,  "code":"10001", "data":None, "msg":"注册成功"}, 实际结果是：{'status': 1, 'code': '10001', 'data': None, 'msg': '注册成功'},测试通过
 Tue, 10 Mar 2020 15:26:54  INFO http_request.py request [ line:56 ] 正在发送请求，请求地址：http://118.24.221.133:8081/futureloan/mvc/api/member/register， 请求参数：{'mobilephone': '18725629243', 'pwd': '1234567', 'regname': 'user8'}
 Tue, 10 Mar 2020 15:26:54  INFO test_register1.py test_register [ line:94 ] 预期结果是：{"status":1,  "code":"10001", "data":None, "msg":"注册成功"}, 实际结果是：{'status': 1, 'code': '10001', 'data': None, 'msg': '注册成功'},测试通过
 Tue, 10 Mar 2020 15:26:54  INFO http_request.py request [ line:56 ] 正在发送请求，请求地址：http://118.24.221.133:8081/futureloan/mvc/api/member/register， 请求参数：{'mobilephone': '18825573848', 'pwd': '1234567', 'regname': 'user9'}
 Tue, 10 Mar 2020 15:26:54  INFO test_register1.py test_register [ line:94 ] 预期结果是：{"status":1,  "code":"10001", "data":None, "msg":"注册成功"}, 实际结果是：{'status': 1, 'code': '10001', 'data': None, 'msg': '注册成功'},测试通过
 Tue, 10 Mar 2020 15:26:54  INFO http_request.py request [ line:56 ] 正在发送请求，请求地址：http://118.24.221.133:8081/futureloan/mvc/api/member/register， 请求参数：{'mobilephone': '18961346918', 'pwd': '1234567', 'regname': 'user9'}
 Tue, 10 Mar 2020 15:26:54  INFO test_register1.py test_register [ line:94 ] 预期结果是：{"status":1,  "code":"10001", "data":None, "msg":"注册成功"}, 实际结果是：{'status': 1, 'code': '10001', 'data': None, 'msg': '注册成功'},测试通过
 Tue, 10 Mar 2020 15:26:55  INFO http_request.py request [ line:56 ] 正在发送请求，请求地址：http://118.24.221.133:8081/futureloan/mvc/api/member/register， 请求参数：{'mobilephone': '19262479508', 'pwd': '1234567', 'regname': 'user9'}
 Tue, 10 Mar 2020 15:26:55  ERROR test_register1.py test_register [ line:90 ] {'status': 1, 'code': '10001', 'data': None, 'msg': '注册成功'} != {'status': 0, 'code': '20109', 'data': None, 'msg': '手机号码格式不正确'}
- {'code': '10001', 'data': None, 'msg': '注册成功', 'status': 1}
?             ^^^                         ^^^^             ^

+ {'code': '20109', 'data': None, 'msg': '手机号码格式不正确', 'status': 0}
?           ++  ^                         ^^^^^^^^^             ^
Traceback (most recent call last):
  File "/Users/huangjie/学习/untitled7/test_cases/test_register1.py", line 87, in test_register
    self.assertEqual(eval(case.expected_data), res)
  File "/Library/Frameworks/Python.framework/Versions/3.7/lib/python3.7/unittest/case.py", line 852, in assertEqual
    assertion_func(first, second, msg=msg)
  File "/Library/Frameworks/Python.framework/Versions/3.7/lib/python3.7/unittest/case.py", line 1151, in assertDictEqual
    self.fail(self._formatMessage(msg, standardMsg))
  File "/Library/Frameworks/Python.framework/Versions/3.7/lib/python3.7/unittest/case.py", line 693, in fail
    raise self.failureException(msg)
AssertionError: {'status': 1, 'code': '10001', 'data': None, 'msg': '注册成功'} != {'status': 0, 'code': '20109', 'data': None, 'msg': '手机号码格式不正确'}
- {'code': '10001', 'data': None, 'msg': '注册成功', 'status': 1}
?             ^^^                         ^^^^             ^

+ {'code': '20109', 'data': None, 'msg': '手机号码格式不正确', 'status': 0}
?           ++  ^                         ^^^^^^^^^             ^

 Tue, 10 Mar 2020 15:26:55  INFO http_request.py request [ line:56 ] 正在发送请求，请求地址：http://118.24.221.133:8081/futureloan/mvc/api/member/register， 请求参数：{'mobilephone': '13941387738', 'pwd': '1234567', 'regname': 'user2'}
 Tue, 10 Mar 2020 15:26:55  INFO test_register1.py test_register [ line:94 ] 预期结果是：{"status":0,  "code":"20110", "data":None, "msg":"手机号码已被注册"}, 实际结果是：{'status': 0, 'code': '20110', 'data': None, 'msg': '手机号码已被注册'},测试通过
 Tue, 10 Mar 2020 15:26:56  INFO http_request.py request [ line:56 ] 正在发送请求，请求地址：http://118.24.221.133:8081/futureloan/mvc/api/member/register， 请求参数：{'mobilephone': '', 'pwd': '1234567', 'regname': 'user2'}
 Tue, 10 Mar 2020 15:26:56  INFO test_register1.py test_register [ line:94 ] 预期结果是：{'status': 0, 'code': '20103', 'data': None, 'msg': '手机号不能为空'}, 实际结果是：{'status': 0, 'code': '20103', 'data': None, 'msg': '手机号不能为空'},测试通过
 Tue, 10 Mar 2020 15:26:56  INFO http_request.py request [ line:56 ] 正在发送请求，请求地址：http://118.24.221.133:8081/futureloan/mvc/api/member/register， 请求参数：{'mobilephone': '13068634445', 'pwd': '', 'regname': 'user2'}
 Tue, 10 Mar 2020 15:26:56  INFO test_register1.py test_register [ line:94 ] 预期结果是：{'status': 0, 'code': '20103', 'data': None, 'msg': '密码不能为空'}, 实际结果是：{'status': 0, 'code': '20103', 'data': None, 'msg': '密码不能为空'},测试通过
 Tue, 10 Mar 2020 15:26:56  INFO http_request.py request [ line:56 ] 正在发送请求，请求地址：http://118.24.221.133:8081/futureloan/mvc/api/member/register， 请求参数：{'mobilephone': '18258362170', 'pwd': '123', 'regname': 'user3'}
 Tue, 10 Mar 2020 15:26:56  INFO test_register1.py test_register [ line:94 ] 预期结果是：{"status":0,  "code":"20108", "data":None, "msg":"密码长度必须为6~18"}, 实际结果是：{'status': 0, 'code': '20108', 'data': None, 'msg': '密码长度必须为6~18'},测试通过
 Tue, 10 Mar 2020 15:26:57  INFO http_request.py request [ line:56 ] 正在发送请求，请求地址：http://118.24.221.133:8081/futureloan/mvc/api/member/register， 请求参数：{'mobilephone': '1389087', 'pwd': '1234567', 'regname': 'user3'}
 Tue, 10 Mar 2020 15:26:57  INFO test_register1.py test_register [ line:94 ] 预期结果是：{"status":0,  "code":"20109", "data":None, "msg":"手机号码格式不正确"}, 实际结果是：{'status': 0, 'code': '20109', 'data': None, 'msg': '手机号码格式不正确'},测试通过
 Tue, 10 Mar 2020 15:26:57  INFO http_request.py request [ line:56 ] 正在发送请求，请求地址：http://118.24.221.133:8081/futureloan/mvc/api/member/register， 请求参数：{'mobilephone': '18342276301', 'pwd': '哈哈', 'regname': 'user3'}
 Tue, 10 Mar 2020 15:26:57  INFO test_register1.py test_register [ line:94 ] 预期结果是：{'status': 0, 'code': '20108', 'data': None, 'msg': '密码长度必须为6~18'}, 实际结果是：{'status': 0, 'code': '20108', 'data': None, 'msg': '密码长度必须为6~18'},测试通过
 Tue, 10 Mar 2020 15:26:57  INFO test_register1.py tearDownClass [ line:61 ] ==================== 注册接口测试执行完毕====================
 Tue, 10 Mar 2020 15:26:57  INFO test_withdraw.py setUpClass [ line:40 ] ==================== 准备开始执行登录接口测试 ====================
 Tue, 10 Mar 2020 15:26:57  INFO http_request.py request [ line:56 ] 正在发送请求，请求地址：http://118.24.221.133:8081/futureloan/mvc/api/member/login， 请求参数：{'mobilephone': '13941387738', 'pwd': '1234567'}
 Tue, 10 Mar 2020 15:26:57  INFO test_withdraw.py test_login [ line:81 ] 预期结果是：{"status":1,  "code":"10001", "data":None, "msg":"登录成功"}, 实际结果是：{'status': 1, 'code': '10001', 'data': None, 'msg': '登录成功'},测试通过
 Tue, 10 Mar 2020 15:26:58  INFO http_request.py request [ line:56 ] 正在发送请求，请求地址：http://118.24.221.133:8081/futureloan/mvc/api/member/withdraw， 请求参数：{'mobilephone': '13941387738', 'pwd': '1234567'}
 Tue, 10 Mar 2020 15:26:58  ERROR test_withdraw.py test_login [ line:77 ] {'status': 1, 'code': '10001', 'data': None, 'msg': '登录成功'} != {'status': 0, 'code': '20115', 'data': None, 'msg': '请输入金额'}
- {'code': '10001', 'data': None, 'msg': '登录成功', 'status': 1}
?           ^^^                           ^^^^             ^

+ {'code': '20115', 'data': None, 'msg': '请输入金额', 'status': 0}
?           ^  ++                         ^^^^^             ^
Traceback (most recent call last):
  File "/Users/huangjie/学习/untitled7/test_cases/test_withdraw.py", line 74, in test_login
    self.assertEqual(eval(case.expected_data), res)
  File "/Library/Frameworks/Python.framework/Versions/3.7/lib/python3.7/unittest/case.py", line 852, in assertEqual
    assertion_func(first, second, msg=msg)
  File "/Library/Frameworks/Python.framework/Versions/3.7/lib/python3.7/unittest/case.py", line 1151, in assertDictEqual
    self.fail(self._formatMessage(msg, standardMsg))
  File "/Library/Frameworks/Python.framework/Versions/3.7/lib/python3.7/unittest/case.py", line 693, in fail
    raise self.failureException(msg)
AssertionError: {'status': 1, 'code': '10001', 'data': None, 'msg': '登录成功'} != {'status': 0, 'code': '20115', 'data': None, 'msg': '请输入金额'}
- {'code': '10001', 'data': None, 'msg': '登录成功', 'status': 1}
?           ^^^                           ^^^^             ^

+ {'code': '20115', 'data': None, 'msg': '请输入金额', 'status': 0}
?           ^  ++                         ^^^^^             ^

 Tue, 10 Mar 2020 15:26:58  INFO http_request.py request [ line:56 ] 正在发送请求，请求地址：http://118.24.221.133:8081/futureloan/mvc/api/member/withdraw， 请求参数：{'mobilephone': '32423', 'pwd': '1234568'}
 Tue, 10 Mar 2020 15:26:58  ERROR test_withdraw.py test_login [ line:77 ] {'status': 0, 'code': '20111', 'data': None, 'msg': '用户名或密码错误'} != {'status': 0, 'code': '20109', 'data': None, 'msg': '手机号码格式不正确'}
- {'code': '20111', 'data': None, 'msg': '用户名或密码错误', 'status': 0}
?              ^^                         ^^^^^ ^^

+ {'code': '20109', 'data': None, 'msg': '手机号码格式不正确', 'status': 0}
?              ^^                         ^^^ ^^^^^
Traceback (most recent call last):
  File "/Users/huangjie/学习/untitled7/test_cases/test_withdraw.py", line 74, in test_login
    self.assertEqual(eval(case.expected_data), res)
  File "/Library/Frameworks/Python.framework/Versions/3.7/lib/python3.7/unittest/case.py", line 852, in assertEqual
    assertion_func(first, second, msg=msg)
  File "/Library/Frameworks/Python.framework/Versions/3.7/lib/python3.7/unittest/case.py", line 1151, in assertDictEqual
    self.fail(self._formatMessage(msg, standardMsg))
  File "/Library/Frameworks/Python.framework/Versions/3.7/lib/python3.7/unittest/case.py", line 693, in fail
    raise self.failureException(msg)
AssertionError: {'status': 0, 'code': '20111', 'data': None, 'msg': '用户名或密码错误'} != {'status': 0, 'code': '20109', 'data': None, 'msg': '手机号码格式不正确'}
- {'code': '20111', 'data': None, 'msg': '用户名或密码错误', 'status': 0}
?              ^^                         ^^^^^ ^^

+ {'code': '20109', 'data': None, 'msg': '手机号码格式不正确', 'status': 0}
?              ^^                         ^^^ ^^^^^

 Tue, 10 Mar 2020 15:26:58  INFO http_request.py request [ line:56 ] 正在发送请求，请求地址：http://118.24.221.133:8081/futureloan/mvc/api/member/withdraw， 请求参数：{'mobilephone': '13941387738', 'amount': '1'}
 Tue, 10 Mar 2020 15:26:59  INFO test_withdraw.py test_login [ line:81 ] 预期结果是：{'status': 1, 'code': '10001', 'data': {'id': 1507, 'regname': 'user1', 'pwd': 'FCEA920F7412B5DA7BE0CF42B8C93759', 'mobilephone': '13941387738', 'leaveamount': '8184.00', 'type': '1', 'regtime': '2020-03-09 14:25:05.0'}, 'msg': '取现成功'}, 实际结果是：{'status': 1, 'code': '10001', 'data': {'id': 1507, 'regname': 'user1', 'pwd': 'FCEA920F7412B5DA7BE0CF42B8C93759', 'mobilephone': '13941387738', 'leaveamount': '8184.00', 'type': '1', 'regtime': '2020-03-09 14:25:05.0'}, 'msg': '取现成功'},测试通过
 Tue, 10 Mar 2020 15:26:59  INFO http_request.py request [ line:56 ] 正在发送请求，请求地址：http://118.24.221.133:8081/futureloan/mvc/api/member/withdraw， 请求参数：{'mobilephone': '13941387738', 'amount': '20.098'}
 Tue, 10 Mar 2020 15:26:59  INFO test_withdraw.py test_login [ line:81 ] 预期结果是：{'status': 0, 'code': '20116', 'data': None, 'msg': '输入金额的金额小数不能超过两位'}, 实际结果是：{'status': 0, 'code': '20116', 'data': None, 'msg': '输入金额的金额小数不能超过两位'},测试通过
 Tue, 10 Mar 2020 15:26:59  INFO http_request.py request [ line:56 ] 正在发送请求，请求地址：http://118.24.221.133:8081/futureloan/mvc/api/member/withdraw， 请求参数：{'mobilephone': '13941387738', 'amount': '-30'}
 Tue, 10 Mar 2020 15:26:59  INFO test_withdraw.py test_login [ line:81 ] 预期结果是：{'status': 0, 'code': '20117', 'data': None, 'msg': '请输入范围在0到50万之间的正数金额'}, 实际结果是：{'status': 0, 'code': '20117', 'data': None, 'msg': '请输入范围在0到50万之间的正数金额'},测试通过
 Tue, 10 Mar 2020 15:26:59  INFO http_request.py request [ line:56 ] 正在发送请求，请求地址：http://118.24.221.133:8081/futureloan/mvc/api/member/withdraw， 请求参数：{'mobilephone': '13941387738', 'amount': '哈哈'}
 Tue, 10 Mar 2020 15:26:59  INFO test_withdraw.py test_login [ line:81 ] 预期结果是：{'status': 0, 'code': '20118', 'data': None, 'msg': '请输入数字'}, 实际结果是：{'status': 0, 'code': '20118', 'data': None, 'msg': '请输入数字'},测试通过
 Tue, 10 Mar 2020 15:27:00  INFO http_request.py request [ line:56 ] 正在发送请求，请求地址：http://118.24.221.133:8081/futureloan/mvc/api/member/withdraw， 请求参数：{'mobilephone': '13941387738', 'amount': '5000000'}
 Tue, 10 Mar 2020 15:27:00  INFO test_withdraw.py test_login [ line:81 ] 预期结果是：{'status': 0, 'code': '20117', 'data': None, 'msg': '请输入范围在0到50万之间的正数金额'}, 实际结果是：{'status': 0, 'code': '20117', 'data': None, 'msg': '请输入范围在0到50万之间的正数金额'},测试通过
 Tue, 10 Mar 2020 15:27:00  INFO http_request.py request [ line:56 ] 正在发送请求，请求地址：http://118.24.221.133:8081/futureloan/mvc/api/member/withdraw， 请求参数：{'mobilephone': '13941387738', 'amount': '#amout'}
 Tue, 10 Mar 2020 15:27:00  INFO test_withdraw.py tearDownClass [ line:46 ] ==================== 登录接口测试执行完毕====================
